<?xml version="1.0" encoding="UTF-8"?>
<coverage generated="1689598418959" clover="3.2.0">
  <project timestamp="1689598418959" name="All files">
    <metrics statements="202" coveredstatements="166" conditionals="44" coveredconditionals="39" methods="54" coveredmethods="42" elements="300" coveredelements="247" complexity="0" loc="202" ncloc="202" packages="5" files="9" classes="9"/>
    <package name="controllers">
      <metrics statements="102" coveredstatements="81" conditionals="30" coveredconditionals="28" methods="23" coveredmethods="18"/>
      <file name="protocolController.ts" path="/Users/brandonman/Documents/Github/aegis_mvp_board/server/controllers/protocolController.ts">
        <metrics statements="38" coveredstatements="23" conditionals="6" coveredconditionals="6" methods="12" coveredmethods="8"/>
        <line num="1" count="1" type="stmt"/>
        <line num="6" count="1" type="cond" truecount="2" falsecount="0"/>
        <line num="7" count="1" type="stmt"/>
        <line num="8" count="1" type="stmt"/>
        <line num="10" count="1" type="stmt"/>
        <line num="15" count="5" type="stmt"/>
        <line num="19" count="4" type="stmt"/>
        <line num="20" count="4" type="stmt"/>
        <line num="26" count="4" type="stmt"/>
        <line num="27" count="4" type="stmt"/>
        <line num="28" count="4" type="stmt"/>
        <line num="29" count="4" type="stmt"/>
        <line num="33" count="9" type="stmt"/>
        <line num="38" count="4" type="stmt"/>
        <line num="42" count="4" type="stmt"/>
        <line num="43" count="4" type="cond" truecount="3" falsecount="0"/>
        <line num="44" count="1" type="stmt"/>
        <line num="46" count="4" type="stmt"/>
        <line num="51" count="1" type="stmt"/>
        <line num="55" count="1" type="cond" truecount="1" falsecount="0"/>
        <line num="56" count="1" type="stmt"/>
        <line num="57" count="1" type="stmt"/>
        <line num="58" count="1" type="stmt"/>
        <line num="60" count="0" type="stmt"/>
        <line num="62" count="0" type="stmt"/>
        <line num="63" count="0" type="stmt"/>
        <line num="68" count="0" type="stmt"/>
        <line num="70" count="0" type="stmt"/>
        <line num="71" count="0" type="stmt"/>
        <line num="74" count="0" type="stmt"/>
        <line num="76" count="0" type="stmt"/>
        <line num="78" count="0" type="stmt"/>
        <line num="82" count="0" type="stmt"/>
        <line num="86" count="0" type="stmt"/>
        <line num="87" count="0" type="stmt"/>
        <line num="88" count="0" type="stmt"/>
        <line num="89" count="0" type="stmt"/>
        <line num="90" count="0" type="stmt"/>
      </file>
      <file name="userController.ts" path="/Users/brandonman/Documents/Github/aegis_mvp_board/server/controllers/userController.ts">
        <metrics statements="64" coveredstatements="58" conditionals="24" coveredconditionals="22" methods="11" coveredmethods="10"/>
        <line num="1" count="1" type="stmt"/>
        <line num="3" count="1" type="stmt"/>
        <line num="5" count="1" type="stmt"/>
        <line num="10" count="9" type="stmt"/>
        <line num="11" count="9" type="stmt"/>
        <line num="13" count="9" type="stmt"/>
        <line num="14" count="9" type="stmt"/>
        <line num="15" count="9" type="cond" truecount="4" falsecount="0"/>
        <line num="17" count="3" type="stmt"/>
        <line num="18" count="3" type="stmt"/>
        <line num="20" count="1" type="stmt"/>
        <line num="23" count="3" type="stmt"/>
        <line num="25" count="2" type="stmt"/>
        <line num="32" count="2" type="stmt"/>
        <line num="33" count="2" type="stmt"/>
        <line num="34" count="2" type="stmt"/>
        <line num="35" count="2" type="stmt"/>
        <line num="40" count="3" type="stmt"/>
        <line num="41" count="3" type="stmt"/>
        <line num="47" count="3" type="cond" truecount="1" falsecount="0"/>
        <line num="48" count="1" type="stmt"/>
        <line num="50" count="2" type="stmt"/>
        <line num="54" count="2" type="stmt"/>
        <line num="55" count="2" type="stmt"/>
        <line num="57" count="2" type="stmt"/>
        <line num="59" count="0" type="stmt"/>
        <line num="72" count="5" type="stmt"/>
        <line num="76" count="5" type="cond" truecount="1" falsecount="0"/>
        <line num="77" count="1" type="stmt"/>
        <line num="79" count="4" type="stmt"/>
        <line num="82" count="4" type="stmt"/>
        <line num="83" count="4" type="cond" truecount="1" falsecount="0"/>
        <line num="84" count="1" type="stmt"/>
        <line num="86" count="3" type="stmt"/>
        <line num="87" count="3" type="stmt"/>
        <line num="88" count="3" type="stmt"/>
        <line num="98" count="6" type="stmt"/>
        <line num="101" count="6" type="stmt"/>
        <line num="103" count="6" type="cond" truecount="3" falsecount="0"/>
        <line num="104" count="2" type="stmt"/>
        <line num="106" count="4" type="stmt"/>
        <line num="107" count="4" type="stmt"/>
        <line num="109" count="4" type="stmt"/>
        <line num="113" count="6" type="cond" truecount="1" falsecount="0"/>
        <line num="114" count="1" type="stmt"/>
        <line num="117" count="5" type="cond" truecount="3" falsecount="0"/>
        <line num="119" count="1" type="stmt"/>
        <line num="122" count="4" type="stmt"/>
        <line num="131" count="2" type="stmt"/>
        <line num="132" count="2" type="cond" truecount="1" falsecount="0"/>
        <line num="133" count="1" type="stmt"/>
        <line num="135" count="1" type="stmt"/>
        <line num="136" count="1" type="stmt"/>
        <line num="145" count="2" type="stmt"/>
        <line num="147" count="2" type="cond" truecount="1" falsecount="0"/>
        <line num="148" count="1" type="stmt"/>
        <line num="150" count="1" type="stmt"/>
        <line num="151" count="1" type="cond" truecount="0" falsecount="1"/>
        <line num="153" count="1" type="stmt"/>
        <line num="161" count="0" type="stmt"/>
        <line num="162" count="0" type="stmt"/>
        <line num="163" count="0" type="stmt"/>
        <line num="164" count="0" type="stmt"/>
        <line num="166" count="0" type="stmt"/>
      </file>
    </package>
    <package name="models">
      <metrics statements="13" coveredstatements="12" conditionals="1" coveredconditionals="1" methods="1" coveredmethods="1"/>
      <file name="DefiData.ts" path="/Users/brandonman/Documents/Github/aegis_mvp_board/server/models/DefiData.ts">
        <metrics statements="4" coveredstatements="4" conditionals="0" coveredconditionals="0" methods="0" coveredmethods="0"/>
        <line num="1" count="1" type="stmt"/>
        <line num="9" count="1" type="stmt"/>
        <line num="14" count="1" type="stmt"/>
        <line num="15" count="1" type="stmt"/>
      </file>
      <file name="Protocols.ts" path="/Users/brandonman/Documents/Github/aegis_mvp_board/server/models/Protocols.ts">
        <metrics statements="4" coveredstatements="4" conditionals="0" coveredconditionals="0" methods="0" coveredmethods="0"/>
        <line num="1" count="2" type="stmt"/>
        <line num="10" count="2" type="stmt"/>
        <line num="19" count="2" type="stmt"/>
        <line num="20" count="2" type="stmt"/>
      </file>
      <file name="wrappedModelFunctions.ts" path="/Users/brandonman/Documents/Github/aegis_mvp_board/server/models/wrappedModelFunctions.ts">
        <metrics statements="5" coveredstatements="4" conditionals="1" coveredconditionals="1" methods="1" coveredmethods="1"/>
        <line num="5" count="1" type="stmt"/>
        <line num="6" count="1" type="cond" truecount="1" falsecount="0"/>
        <line num="7" count="1" type="stmt"/>
        <line num="9" count="0" type="stmt"/>
        <line num="13" count="1" type="stmt"/>
      </file>
    </package>
    <package name="models.dbInterface">
      <metrics statements="21" coveredstatements="15" conditionals="3" coveredconditionals="2" methods="6" coveredmethods="3"/>
      <file name="userDbInterface.ts" path="/Users/brandonman/Documents/Github/aegis_mvp_board/server/models/dbInterface/userDbInterface.ts">
        <metrics statements="21" coveredstatements="15" conditionals="3" coveredconditionals="2" methods="6" coveredmethods="3"/>
        <line num="2" count="1" type="stmt"/>
        <line num="3" count="1" type="stmt"/>
        <line num="5" count="1" type="stmt"/>
        <line num="9" count="5" type="stmt"/>
        <line num="19" count="2" type="stmt"/>
        <line num="20" count="2" type="cond" truecount="1" falsecount="0"/>
        <line num="21" count="1" type="stmt"/>
        <line num="23" count="1" type="stmt"/>
        <line num="24" count="1" type="stmt"/>
        <line num="33" count="4" type="stmt"/>
        <line num="35" count="4" type="cond" truecount="1" falsecount="0"/>
        <line num="36" count="1" type="stmt"/>
        <line num="38" count="3" type="stmt"/>
        <line num="39" count="3" type="stmt"/>
        <line num="40" count="3" type="stmt"/>
        <line num="49" count="0" type="stmt"/>
        <line num="52" count="0" type="cond" truecount="0" falsecount="1"/>
        <line num="53" count="0" type="stmt"/>
        <line num="57" count="0" type="stmt"/>
        <line num="64" count="0" type="stmt"/>
        <line num="71" count="0" type="stmt"/>
      </file>
    </package>
    <package name="models.user">
      <metrics statements="63" coveredstatements="55" conditionals="10" coveredconditionals="8" methods="24" coveredmethods="20"/>
      <file name="User.ts" path="/Users/brandonman/Documents/Github/aegis_mvp_board/server/models/user/User.ts">
        <metrics statements="54" coveredstatements="46" conditionals="10" coveredconditionals="8" methods="24" coveredmethods="20"/>
        <line num="3" count="3" type="stmt"/>
        <line num="10" count="13" type="stmt"/>
        <line num="11" count="13" type="cond" truecount="1" falsecount="1"/>
        <line num="12" count="0" type="stmt"/>
        <line num="14" count="13" type="stmt"/>
        <line num="19" count="1" type="stmt"/>
        <line num="23" count="3" type="stmt"/>
        <line num="25" count="0" type="stmt"/>
        <line num="30" count="1" type="stmt"/>
        <line num="32" count="1" type="stmt"/>
        <line num="39" count="3" type="stmt"/>
        <line num="53" count="81" type="stmt"/>
        <line num="54" count="81" type="stmt"/>
        <line num="56" count="81" type="cond" truecount="2" falsecount="0"/>
        <line num="57" count="12" type="stmt"/>
        <line num="59" count="69" type="stmt"/>
        <line num="62" count="81" type="cond" truecount="2" falsecount="0"/>
        <line num="63" count="79" type="stmt"/>
        <line num="65" count="2" type="stmt"/>
        <line num="68" count="81" type="cond" truecount="2" falsecount="0"/>
        <line num="69" count="72" type="stmt"/>
        <line num="71" count="9" type="stmt"/>
        <line num="76" count="6" type="stmt"/>
        <line num="82" count="2" type="stmt"/>
        <line num="84" count="2" type="stmt"/>
        <line num="88" count="2" type="stmt"/>
        <line num="93" count="8" type="cond" truecount="1" falsecount="0"/>
        <line num="94" count="1" type="stmt"/>
        <line num="97" count="7" type="stmt"/>
        <line num="99" count="0" type="stmt"/>
        <line num="101" count="7" type="stmt"/>
        <line num="107" count="8" type="stmt"/>
        <line num="111" count="5" type="stmt"/>
        <line num="115" count="6" type="cond" truecount="0" falsecount="1"/>
        <line num="116" count="0" type="stmt"/>
        <line num="118" count="6" type="stmt"/>
        <line num="119" count="6" type="stmt"/>
        <line num="123" count="5" type="stmt"/>
        <line num="128" count="2" type="stmt"/>
        <line num="132" count="2" type="stmt"/>
        <line num="137" count="41" type="stmt"/>
        <line num="140" count="3" type="stmt"/>
        <line num="141" count="3" type="stmt"/>
        <line num="144" count="41" type="stmt"/>
        <line num="148" count="0" type="stmt"/>
        <line num="149" count="0" type="stmt"/>
        <line num="151" count="0" type="stmt"/>
        <line num="154" count="0" type="stmt"/>
        <line num="158" count="40" type="stmt"/>
        <line num="159" count="40" type="stmt"/>
        <line num="165" count="40" type="stmt"/>
        <line num="172" count="4" type="stmt"/>
        <line num="175" count="4" type="stmt"/>
        <line num="179" count="3" type="stmt"/>
      </file>
      <file name="UserModel.ts" path="/Users/brandonman/Documents/Github/aegis_mvp_board/server/models/user/UserModel.ts">
        <metrics statements="9" coveredstatements="9" conditionals="0" coveredconditionals="0" methods="0" coveredmethods="0"/>
        <line num="1" count="2" type="stmt"/>
        <line num="20" count="2" type="stmt"/>
        <line num="25" count="2" type="stmt"/>
        <line num="29" count="2" type="stmt"/>
        <line num="41" count="2" type="stmt"/>
        <line num="42" count="2" type="stmt"/>
        <line num="43" count="2" type="stmt"/>
        <line num="45" count="2" type="stmt"/>
        <line num="46" count="2" type="stmt"/>
      </file>
    </package>
    <package name="test.dependencies">
      <metrics statements="3" coveredstatements="3" conditionals="0" coveredconditionals="0" methods="0" coveredmethods="0"/>
      <file name="testModel.ts" path="/Users/brandonman/Documents/Github/aegis_mvp_board/server/test/dependencies/testModel.ts">
        <metrics statements="3" coveredstatements="3" conditionals="0" coveredconditionals="0" methods="0" coveredmethods="0"/>
        <line num="1" count="1" type="stmt"/>
        <line num="2" count="1" type="stmt"/>
        <line num="3" count="1" type="stmt"/>
      </file>
    </package>
  </project>
</coverage>
