<?xml version="1.0" encoding="UTF-8"?>
<coverage generated="1689746414240" clover="3.2.0">
  <project timestamp="1689746414240" name="All files">
    <metrics statements="243" coveredstatements="215" conditionals="47" coveredconditionals="41" methods="65" coveredmethods="55" elements="355" coveredelements="311" complexity="0" loc="243" ncloc="243" packages="7" files="12" classes="12"/>
    <package name="controllers">
      <metrics statements="106" coveredstatements="97" conditionals="32" coveredconditionals="29" methods="24" coveredmethods="22"/>
      <file name="protocolController.ts" path="/Users/doug/aegis_mvp_board/server/controllers/protocolController.ts">
        <metrics statements="40" coveredstatements="40" conditionals="7" coveredconditionals="7" methods="12" coveredmethods="12"/>
        <line num="1" count="2" type="stmt"/>
        <line num="6" count="2" type="cond" truecount="2" falsecount="0"/>
        <line num="7" count="2" type="stmt"/>
        <line num="8" count="2" type="stmt"/>
        <line num="10" count="2" type="stmt"/>
        <line num="14" count="25" type="stmt"/>
        <line num="18" count="7" type="stmt"/>
        <line num="19" count="7" type="stmt"/>
        <line num="25" count="7" type="stmt"/>
        <line num="26" count="7" type="stmt"/>
        <line num="27" count="7" type="stmt"/>
        <line num="28" count="7" type="stmt"/>
        <line num="32" count="15" type="stmt"/>
        <line num="37" count="7" type="stmt"/>
        <line num="41" count="7" type="stmt"/>
        <line num="42" count="7" type="cond" truecount="3" falsecount="0"/>
        <line num="43" count="1" type="stmt"/>
        <line num="45" count="7" type="stmt"/>
        <line num="50" count="11" type="stmt"/>
        <line num="54" count="11" type="cond" truecount="1" falsecount="0"/>
        <line num="55" count="9" type="stmt"/>
        <line num="56" count="9" type="stmt"/>
        <line num="57" count="3" type="stmt"/>
        <line num="59" count="2" type="stmt"/>
        <line num="61" count="2" type="stmt"/>
        <line num="62" count="2" type="stmt"/>
        <line num="68" count="8" type="stmt"/>
        <line num="70" count="8" type="stmt"/>
        <line num="71" count="40" type="stmt"/>
        <line num="74" count="8" type="stmt"/>
        <line num="76" count="40" type="stmt"/>
        <line num="77" count="8" type="stmt"/>
        <line num="83" count="7" type="cond" truecount="1" falsecount="0"/>
        <line num="84" count="1" type="stmt"/>
        <line num="87" count="6" type="stmt"/>
        <line num="91" count="6" type="stmt"/>
        <line num="92" count="6" type="stmt"/>
        <line num="93" count="6" type="stmt"/>
        <line num="94" count="6" type="stmt"/>
        <line num="95" count="6" type="stmt"/>
      </file>
      <file name="userController.ts" path="/Users/doug/aegis_mvp_board/server/controllers/userController.ts">
        <metrics statements="66" coveredstatements="57" conditionals="25" coveredconditionals="22" methods="12" coveredmethods="10"/>
        <line num="1" count="1" type="stmt"/>
        <line num="3" count="1" type="stmt"/>
        <line num="6" count="1" type="stmt"/>
        <line num="11" count="9" type="stmt"/>
        <line num="12" count="9" type="stmt"/>
        <line num="14" count="9" type="stmt"/>
        <line num="15" count="9" type="stmt"/>
        <line num="16" count="9" type="cond" truecount="4" falsecount="0"/>
        <line num="18" count="3" type="stmt"/>
        <line num="19" count="3" type="stmt"/>
        <line num="21" count="1" type="stmt"/>
        <line num="24" count="3" type="stmt"/>
        <line num="26" count="2" type="stmt"/>
        <line num="33" count="2" type="stmt"/>
        <line num="34" count="2" type="stmt"/>
        <line num="35" count="2" type="stmt"/>
        <line num="36" count="2" type="stmt"/>
        <line num="41" count="3" type="stmt"/>
        <line num="42" count="3" type="stmt"/>
        <line num="48" count="3" type="cond" truecount="1" falsecount="0"/>
        <line num="49" count="1" type="stmt"/>
        <line num="51" count="2" type="stmt"/>
        <line num="55" count="2" type="stmt"/>
        <line num="56" count="2" type="stmt"/>
        <line num="58" count="2" type="stmt"/>
        <line num="60" count="0" type="stmt"/>
        <line num="73" count="5" type="stmt"/>
        <line num="77" count="5" type="cond" truecount="1" falsecount="0"/>
        <line num="78" count="1" type="stmt"/>
        <line num="80" count="4" type="stmt"/>
        <line num="83" count="4" type="stmt"/>
        <line num="84" count="4" type="cond" truecount="1" falsecount="0"/>
        <line num="85" count="1" type="stmt"/>
        <line num="87" count="3" type="stmt"/>
        <line num="88" count="3" type="stmt"/>
        <line num="89" count="3" type="stmt"/>
        <line num="99" count="6" type="stmt"/>
        <line num="102" count="6" type="stmt"/>
        <line num="104" count="6" type="cond" truecount="3" falsecount="0"/>
        <line num="105" count="2" type="stmt"/>
        <line num="107" count="4" type="stmt"/>
        <line num="108" count="4" type="stmt"/>
        <line num="110" count="4" type="stmt"/>
        <line num="115" count="6" type="cond" truecount="1" falsecount="0"/>
        <line num="117" count="5" type="cond" truecount="3" falsecount="0"/>
        <line num="119" count="1" type="stmt"/>
        <line num="122" count="4" type="stmt"/>
        <line num="126" count="0" type="stmt"/>
        <line num="127" count="0" type="cond" truecount="0" falsecount="1"/>
        <line num="128" count="0" type="stmt"/>
        <line num="137" count="2" type="stmt"/>
        <line num="138" count="2" type="cond" truecount="1" falsecount="0"/>
        <line num="139" count="1" type="stmt"/>
        <line num="141" count="1" type="stmt"/>
        <line num="142" count="1" type="stmt"/>
        <line num="153" count="2" type="stmt"/>
        <line num="155" count="2" type="cond" truecount="1" falsecount="0"/>
        <line num="156" count="1" type="stmt"/>
        <line num="158" count="1" type="stmt"/>
        <line num="159" count="1" type="cond" truecount="0" falsecount="1"/>
        <line num="161" count="1" type="stmt"/>
        <line num="169" count="0" type="stmt"/>
        <line num="170" count="0" type="stmt"/>
        <line num="171" count="0" type="stmt"/>
        <line num="172" count="0" type="stmt"/>
        <line num="174" count="0" type="stmt"/>
      </file>
    </package>
    <package name="models">
      <metrics statements="13" coveredstatements="12" conditionals="1" coveredconditionals="1" methods="1" coveredmethods="1"/>
      <file name="DefiData.ts" path="/Users/doug/aegis_mvp_board/server/models/DefiData.ts">
        <metrics statements="4" coveredstatements="4" conditionals="0" coveredconditionals="0" methods="0" coveredmethods="0"/>
        <line num="1" count="2" type="stmt"/>
        <line num="9" count="2" type="stmt"/>
        <line num="14" count="2" type="stmt"/>
        <line num="15" count="2" type="stmt"/>
      </file>
      <file name="Protocols.ts" path="/Users/doug/aegis_mvp_board/server/models/Protocols.ts">
        <metrics statements="4" coveredstatements="4" conditionals="0" coveredconditionals="0" methods="0" coveredmethods="0"/>
        <line num="1" count="3" type="stmt"/>
        <line num="10" count="3" type="stmt"/>
        <line num="19" count="3" type="stmt"/>
        <line num="20" count="3" type="stmt"/>
      </file>
      <file name="wrappedModelFunctions.ts" path="/Users/doug/aegis_mvp_board/server/models/wrappedModelFunctions.ts">
        <metrics statements="5" coveredstatements="4" conditionals="1" coveredconditionals="1" methods="1" coveredmethods="1"/>
        <line num="5" count="1" type="stmt"/>
        <line num="6" count="1" type="cond" truecount="1" falsecount="0"/>
        <line num="7" count="1" type="stmt"/>
        <line num="9" count="0" type="stmt"/>
        <line num="13" count="1" type="stmt"/>
      </file>
    </package>
    <package name="models.dbInterface">
      <metrics statements="21" coveredstatements="15" conditionals="3" coveredconditionals="2" methods="6" coveredmethods="3"/>
      <file name="userDbInterface.ts" path="/Users/doug/aegis_mvp_board/server/models/dbInterface/userDbInterface.ts">
        <metrics statements="21" coveredstatements="15" conditionals="3" coveredconditionals="2" methods="6" coveredmethods="3"/>
        <line num="2" count="1" type="stmt"/>
        <line num="3" count="1" type="stmt"/>
        <line num="5" count="1" type="stmt"/>
        <line num="9" count="5" type="stmt"/>
        <line num="19" count="2" type="stmt"/>
        <line num="20" count="2" type="cond" truecount="1" falsecount="0"/>
        <line num="21" count="1" type="stmt"/>
        <line num="23" count="1" type="stmt"/>
        <line num="24" count="1" type="stmt"/>
        <line num="33" count="4" type="stmt"/>
        <line num="35" count="4" type="cond" truecount="1" falsecount="0"/>
        <line num="36" count="1" type="stmt"/>
        <line num="38" count="3" type="stmt"/>
        <line num="39" count="3" type="stmt"/>
        <line num="40" count="3" type="stmt"/>
        <line num="49" count="0" type="stmt"/>
        <line num="52" count="0" type="cond" truecount="0" falsecount="1"/>
        <line num="53" count="0" type="stmt"/>
        <line num="57" count="0" type="stmt"/>
        <line num="64" count="0" type="stmt"/>
        <line num="71" count="0" type="stmt"/>
      </file>
    </package>
    <package name="models.user">
      <metrics statements="63" coveredstatements="55" conditionals="10" coveredconditionals="8" methods="24" coveredmethods="20"/>
      <file name="User.ts" path="/Users/doug/aegis_mvp_board/server/models/user/User.ts">
        <metrics statements="54" coveredstatements="46" conditionals="10" coveredconditionals="8" methods="24" coveredmethods="20"/>
        <line num="3" count="3" type="stmt"/>
        <line num="10" count="13" type="stmt"/>
        <line num="11" count="13" type="cond" truecount="1" falsecount="1"/>
        <line num="12" count="0" type="stmt"/>
        <line num="14" count="13" type="stmt"/>
        <line num="19" count="1" type="stmt"/>
        <line num="23" count="3" type="stmt"/>
        <line num="25" count="0" type="stmt"/>
        <line num="30" count="1" type="stmt"/>
        <line num="32" count="1" type="stmt"/>
        <line num="39" count="3" type="stmt"/>
        <line num="53" count="81" type="stmt"/>
        <line num="54" count="81" type="stmt"/>
        <line num="56" count="81" type="cond" truecount="2" falsecount="0"/>
        <line num="57" count="12" type="stmt"/>
        <line num="59" count="69" type="stmt"/>
        <line num="62" count="81" type="cond" truecount="2" falsecount="0"/>
        <line num="63" count="79" type="stmt"/>
        <line num="65" count="2" type="stmt"/>
        <line num="68" count="81" type="cond" truecount="2" falsecount="0"/>
        <line num="69" count="72" type="stmt"/>
        <line num="71" count="9" type="stmt"/>
        <line num="76" count="6" type="stmt"/>
        <line num="82" count="2" type="stmt"/>
        <line num="84" count="2" type="stmt"/>
        <line num="88" count="2" type="stmt"/>
        <line num="93" count="8" type="cond" truecount="1" falsecount="0"/>
        <line num="94" count="1" type="stmt"/>
        <line num="97" count="7" type="stmt"/>
        <line num="99" count="0" type="stmt"/>
        <line num="101" count="7" type="stmt"/>
        <line num="107" count="8" type="stmt"/>
        <line num="111" count="5" type="stmt"/>
        <line num="115" count="6" type="cond" truecount="0" falsecount="1"/>
        <line num="116" count="0" type="stmt"/>
        <line num="118" count="6" type="stmt"/>
        <line num="119" count="6" type="stmt"/>
        <line num="123" count="5" type="stmt"/>
        <line num="128" count="2" type="stmt"/>
        <line num="132" count="2" type="stmt"/>
        <line num="137" count="41" type="stmt"/>
        <line num="140" count="3" type="stmt"/>
        <line num="141" count="3" type="stmt"/>
        <line num="144" count="41" type="stmt"/>
        <line num="148" count="0" type="stmt"/>
        <line num="149" count="0" type="stmt"/>
        <line num="151" count="0" type="stmt"/>
        <line num="154" count="0" type="stmt"/>
        <line num="158" count="40" type="stmt"/>
        <line num="159" count="40" type="stmt"/>
        <line num="165" count="40" type="stmt"/>
        <line num="172" count="4" type="stmt"/>
        <line num="175" count="4" type="stmt"/>
        <line num="179" count="3" type="stmt"/>
      </file>
      <file name="UserModel.ts" path="/Users/doug/aegis_mvp_board/server/models/user/UserModel.ts">
        <metrics statements="9" coveredstatements="9" conditionals="0" coveredconditionals="0" methods="0" coveredmethods="0"/>
        <line num="1" count="2" type="stmt"/>
        <line num="20" count="2" type="stmt"/>
        <line num="25" count="2" type="stmt"/>
        <line num="29" count="2" type="stmt"/>
        <line num="41" count="2" type="stmt"/>
        <line num="42" count="2" type="stmt"/>
        <line num="43" count="2" type="stmt"/>
        <line num="45" count="2" type="stmt"/>
        <line num="46" count="2" type="stmt"/>
      </file>
    </package>
    <package name="routes">
      <metrics statements="26" coveredstatements="24" conditionals="0" coveredconditionals="0" methods="6" coveredmethods="6"/>
      <file name="defiData.ts" path="/Users/doug/aegis_mvp_board/server/routes/defiData.ts">
        <metrics statements="9" coveredstatements="8" conditionals="0" coveredconditionals="0" methods="2" coveredmethods="2"/>
        <line num="1" count="1" type="stmt"/>
        <line num="2" count="1" type="stmt"/>
        <line num="5" count="1" type="stmt"/>
        <line num="11" count="3" type="stmt"/>
        <line num="12" count="3" type="stmt"/>
        <line num="13" count="3" type="stmt"/>
        <line num="14" count="3" type="stmt"/>
        <line num="16" count="0" type="stmt"/>
        <line num="44" count="1" type="stmt"/>
      </file>
      <file name="protocols.ts" path="/Users/doug/aegis_mvp_board/server/routes/protocols.ts">
        <metrics statements="17" coveredstatements="16" conditionals="0" coveredconditionals="0" methods="4" coveredmethods="4"/>
        <line num="1" count="1" type="stmt"/>
        <line num="2" count="1" type="stmt"/>
        <line num="3" count="1" type="stmt"/>
        <line num="4" count="1" type="stmt"/>
        <line num="14" count="3" type="stmt"/>
        <line num="15" count="3" type="stmt"/>
        <line num="16" count="3" type="stmt"/>
        <line num="17" count="3" type="stmt"/>
        <line num="18" count="3" type="stmt"/>
        <line num="20" count="0" type="stmt"/>
        <line num="31" count="10" type="stmt"/>
        <line num="32" count="10" type="stmt"/>
        <line num="33" count="10" type="stmt"/>
        <line num="34" count="10" type="stmt"/>
        <line num="35" count="4" type="stmt"/>
        <line num="37" count="6" type="stmt"/>
        <line num="41" count="1" type="stmt"/>
      </file>
    </package>
    <package name="test">
      <metrics statements="11" coveredstatements="9" conditionals="1" coveredconditionals="1" methods="4" coveredmethods="3"/>
      <file name="testUtils.ts" path="/Users/doug/aegis_mvp_board/server/test/testUtils.ts">
        <metrics statements="11" coveredstatements="9" conditionals="1" coveredconditionals="1" methods="4" coveredmethods="3"/>
        <line num="1" count="1" type="stmt"/>
        <line num="6" count="2" type="stmt"/>
        <line num="7" count="2" type="stmt"/>
        <line num="12" count="2" type="stmt"/>
        <line num="16" count="2" type="cond" truecount="1" falsecount="0"/>
        <line num="17" count="2" type="stmt"/>
        <line num="18" count="0" type="stmt"/>
        <line num="22" count="18" type="stmt"/>
        <line num="26" count="0" type="stmt"/>
        <line num="29" count="1" type="stmt"/>
        <line num="31" count="1" type="stmt"/>
      </file>
    </package>
    <package name="test.dependencies">
      <metrics statements="3" coveredstatements="3" conditionals="0" coveredconditionals="0" methods="0" coveredmethods="0"/>
      <file name="testModel.ts" path="/Users/doug/aegis_mvp_board/server/test/dependencies/testModel.ts">
        <metrics statements="3" coveredstatements="3" conditionals="0" coveredconditionals="0" methods="0" coveredmethods="0"/>
        <line num="1" count="1" type="stmt"/>
        <line num="2" count="1" type="stmt"/>
        <line num="3" count="1" type="stmt"/>
      </file>
    </package>
  </project>
</coverage>
