{"/Users/brandonman/Documents/Github/aegis_mvp_board/server/controllers/protocolController.ts": {"path":"/Users/brandonman/Documents/Github/aegis_mvp_board/server/controllers/protocolController.ts","statementMap":{"0":{"start":{"line":1,"column":0},"end":{"line":1,"column":48}},"1":{"start":{"line":6,"column":0},"end":{"line":6,"column":null}},"2":{"start":{"line":7,"column":4},"end":{"line":7,"column":null}},"3":{"start":{"line":8,"column":4},"end":{"line":8,"column":null}},"4":{"start":{"line":14,"column":8},"end":{"line":14,"column":null}},"5":{"start":{"line":18,"column":19},"end":{"line":18,"column":76}},"6":{"start":{"line":19,"column":8},"end":{"line":19,"column":null}},"7":{"start":{"line":25,"column":20},"end":{"line":25,"column":44}},"8":{"start":{"line":26,"column":32},"end":{"line":26,"column":74}},"9":{"start":{"line":27,"column":36},"end":{"line":27,"column":78}},"10":{"start":{"line":28,"column":8},"end":{"line":28,"column":null}},"11":{"start":{"line":32,"column":20},"end":{"line":36,"column":11}},"12":{"start":{"line":32,"column":48},"end":{"line":36,"column":10}},"13":{"start":{"line":37,"column":8},"end":{"line":37,"column":null}},"14":{"start":{"line":41,"column":20},"end":{"line":41,"column":36}},"15":{"start":{"line":42,"column":8},"end":{"line":44,"column":null}},"16":{"start":{"line":43,"column":12},"end":{"line":43,"column":null}},"17":{"start":{"line":45,"column":8},"end":{"line":45,"column":null}},"18":{"start":{"line":50,"column":18},"end":{"line":51,"column":null}},"19":{"start":{"line":54,"column":8},"end":{"line":58,"column":null}},"20":{"start":{"line":55,"column":32},"end":{"line":55,"column":59}},"21":{"start":{"line":56,"column":12},"end":{"line":56,"column":37}},"22":{"start":{"line":57,"column":12},"end":{"line":57,"column":null}},"23":{"start":{"line":59,"column":8},"end":{"line":59,"column":null}},"24":{"start":{"line":61,"column":8},"end":{"line":61,"column":null}},"25":{"start":{"line":62,"column":8},"end":{"line":62,"column":null}},"26":{"start":{"line":68,"column":25},"end":{"line":68,"column":40}},"27":{"start":{"line":70,"column":8},"end":{"line":72,"column":null}},"28":{"start":{"line":71,"column":12},"end":{"line":71,"column":40}},"29":{"start":{"line":74,"column":21},"end":{"line":76,"column":51}},"30":{"start":{"line":76,"column":12},"end":{"line":76,"column":26}},"31":{"start":{"line":77,"column":8},"end":{"line":77,"column":null}},"32":{"start":{"line":83,"column":8},"end":{"line":85,"column":null}},"33":{"start":{"line":84,"column":12},"end":{"line":84,"column":58}},"34":{"start":{"line":87,"column":35},"end":{"line":88,"column":null}},"35":{"start":{"line":91,"column":8},"end":{"line":91,"column":null}},"36":{"start":{"line":92,"column":8},"end":{"line":92,"column":null}},"37":{"start":{"line":93,"column":8},"end":{"line":93,"column":null}},"38":{"start":{"line":94,"column":8},"end":{"line":94,"column":null}},"39":{"start":{"line":95,"column":8},"end":{"line":95,"column":null}},"40":{"start":{"line":10,"column":0},"end":{"line":10,"column":21}}},"fnMap":{"0":{"name":"(anonymous_8)","decl":{"start":{"line":6,"column":0},"end":{"line":6,"column":5}},"loc":{"start":{"line":6,"column":10},"end":{"line":9,"column":1}}},"1":{"name":"(anonymous_9)","decl":{"start":{"line":13,"column":4},"end":{"line":13,"column":16}},"loc":{"start":{"line":13,"column":46},"end":{"line":15,"column":5}}},"2":{"name":"(anonymous_10)","decl":{"start":{"line":17,"column":10},"end":{"line":17,"column":34}},"loc":{"start":{"line":17,"column":49},"end":{"line":20,"column":null}}},"3":{"name":"(anonymous_12)","decl":{"start":{"line":24,"column":10},"end":{"line":24,"column":25}},"loc":{"start":{"line":24,"column":35},"end":{"line":29,"column":null}}},"4":{"name":"(anonymous_14)","decl":{"start":{"line":31,"column":12},"end":{"line":31,"column":30}},"loc":{"start":{"line":31,"column":41},"end":{"line":38,"column":5}}},"5":{"name":"(anonymous_15)","decl":{"start":{"line":32,"column":29},"end":{"line":32,"column":30}},"loc":{"start":{"line":32,"column":48},"end":{"line":36,"column":10}}},"6":{"name":"(anonymous_16)","decl":{"start":{"line":40,"column":12},"end":{"line":40,"column":20}},"loc":{"start":{"line":40,"column":32},"end":{"line":46,"column":5}}},"7":{"name":"(anonymous_17)","decl":{"start":{"line":48,"column":10},"end":{"line":48,"column":25}},"loc":{"start":{"line":48,"column":43},"end":{"line":63,"column":null}}},"8":{"name":"(anonymous_19)","decl":{"start":{"line":66,"column":11},"end":{"line":66,"column":20}},"loc":{"start":{"line":67,"column":28},"end":{"line":78,"column":5}}},"9":{"name":"(anonymous_20)","decl":{"start":{"line":70,"column":41},"end":{"line":70,"column":51}},"loc":{"start":{"line":70,"column":77},"end":{"line":72,"column":9}}},"10":{"name":"(anonymous_21)","decl":{"start":{"line":75,"column":12},"end":{"line":75,"column":13}},"loc":{"start":{"line":76,"column":12},"end":{"line":76,"column":26}}},"11":{"name":"(anonymous_22)","decl":{"start":{"line":81,"column":11},"end":{"line":81,"column":20}},"loc":{"start":{"line":81,"column":50},"end":{"line":96,"column":5}}}},"branchMap":{"0":{"loc":{"start":{"line":6,"column":5},"end":{"line":6,"column":null}},"type":"binary-expr","locations":[{"start":{"line":6,"column":5},"end":{"line":6,"column":10}},{"start":{"line":6,"column":5},"end":{"line":6,"column":null}}]},"1":{"loc":{"start":{"line":42,"column":8},"end":{"line":44,"column":null}},"type":"if","locations":[{"start":{"line":42,"column":8},"end":{"line":44,"column":null}}]},"2":{"loc":{"start":{"line":42,"column":12},"end":{"line":42,"column":47}},"type":"binary-expr","locations":[{"start":{"line":42,"column":12},"end":{"line":42,"column":17}},{"start":{"line":42,"column":21},"end":{"line":42,"column":47}}]},"3":{"loc":{"start":{"line":54,"column":8},"end":{"line":58,"column":null}},"type":"if","locations":[{"start":{"line":54,"column":8},"end":{"line":58,"column":null}}]},"4":{"loc":{"start":{"line":83,"column":8},"end":{"line":85,"column":null}},"type":"if","locations":[{"start":{"line":83,"column":8},"end":{"line":85,"column":null}}]}},"s":{"0":2,"1":2,"2":2,"3":2,"4":25,"5":7,"6":7,"7":7,"8":7,"9":7,"10":7,"11":7,"12":15,"13":7,"14":7,"15":7,"16":1,"17":7,"18":11,"19":11,"20":9,"21":9,"22":3,"23":2,"24":2,"25":2,"26":8,"27":8,"28":40,"29":8,"30":40,"31":8,"32":7,"33":1,"34":6,"35":6,"36":6,"37":6,"38":6,"39":6,"40":2},"f":{"0":2,"1":25,"2":7,"3":7,"4":7,"5":15,"6":7,"7":11,"8":8,"9":40,"10":40,"11":7},"b":{"0":[2,2],"1":[1],"2":[7,7],"3":[9],"4":[1]}}
,"/Users/brandonman/Documents/Github/aegis_mvp_board/server/controllers/userController.ts": {"path":"/Users/brandonman/Documents/Github/aegis_mvp_board/server/controllers/userController.ts","statementMap":{"0":{"start":{"line":1,"column":0},"end":{"line":1,"column":80}},"1":{"start":{"line":3,"column":0},"end":{"line":3,"column":71}},"2":{"start":{"line":11,"column":27},"end":{"line":11,"column":82}},"3":{"start":{"line":12,"column":27},"end":{"line":12,"column":82}},"4":{"start":{"line":14,"column":31},"end":{"line":14,"column":50}},"5":{"start":{"line":15,"column":31},"end":{"line":15,"column":50}},"6":{"start":{"line":16,"column":8},"end":{"line":27,"column":null}},"7":{"start":{"line":18,"column":16},"end":{"line":18,"column":null}},"8":{"start":{"line":19,"column":16},"end":{"line":19,"column":null}},"9":{"start":{"line":21,"column":16},"end":{"line":21,"column":null}},"10":{"start":{"line":24,"column":16},"end":{"line":24,"column":null}},"11":{"start":{"line":26,"column":16},"end":{"line":26,"column":null}},"12":{"start":{"line":33,"column":8},"end":{"line":33,"column":null}},"13":{"start":{"line":34,"column":8},"end":{"line":34,"column":null}},"14":{"start":{"line":35,"column":8},"end":{"line":35,"column":null}},"15":{"start":{"line":36,"column":8},"end":{"line":36,"column":null}},"16":{"start":{"line":41,"column":8},"end":{"line":41,"column":44}},"17":{"start":{"line":42,"column":8},"end":{"line":43,"column":null}},"18":{"start":{"line":48,"column":8},"end":{"line":50,"column":null}},"19":{"start":{"line":49,"column":12},"end":{"line":49,"column":null}},"20":{"start":{"line":51,"column":8},"end":{"line":51,"column":null}},"21":{"start":{"line":55,"column":8},"end":{"line":61,"column":null}},"22":{"start":{"line":56,"column":39},"end":{"line":57,"column":45}},"23":{"start":{"line":58,"column":12},"end":{"line":58,"column":null}},"24":{"start":{"line":60,"column":12},"end":{"line":60,"column":null}},"25":{"start":{"line":73,"column":21},"end":{"line":76,"column":10}},"26":{"start":{"line":77,"column":8},"end":{"line":78,"column":null}},"27":{"start":{"line":78,"column":12},"end":{"line":78,"column":null}},"28":{"start":{"line":80,"column":26},"end":{"line":81,"column":56}},"29":{"start":{"line":83,"column":27},"end":{"line":83,"column":70}},"30":{"start":{"line":84,"column":8},"end":{"line":86,"column":null}},"31":{"start":{"line":85,"column":12},"end":{"line":85,"column":null}},"32":{"start":{"line":87,"column":8},"end":{"line":87,"column":54}},"33":{"start":{"line":88,"column":8},"end":{"line":88,"column":null}},"34":{"start":{"line":89,"column":8},"end":{"line":89,"column":null}},"35":{"start":{"line":99,"column":25},"end":{"line":100,"column":41}},"36":{"start":{"line":102,"column":21},"end":{"line":103,"column":79}},"37":{"start":{"line":104,"column":8},"end":{"line":106,"column":null}},"38":{"start":{"line":105,"column":12},"end":{"line":105,"column":null}},"39":{"start":{"line":107,"column":8},"end":{"line":107,"column":null}},"40":{"start":{"line":108,"column":8},"end":{"line":108,"column":null}},"41":{"start":{"line":110,"column":8},"end":{"line":110,"column":null}},"42":{"start":{"line":115,"column":8},"end":{"line":115,"column":null}},"43":{"start":{"line":115,"column":31},"end":{"line":115,"column":null}},"44":{"start":{"line":117,"column":8},"end":{"line":120,"column":null}},"45":{"start":{"line":119,"column":12},"end":{"line":119,"column":null}},"46":{"start":{"line":122,"column":8},"end":{"line":122,"column":null}},"47":{"start":{"line":126,"column":19},"end":{"line":126,"column":51}},"48":{"start":{"line":127,"column":8},"end":{"line":128,"column":null}},"49":{"start":{"line":127,"column":27},"end":{"line":128,"column":null}},"50":{"start":{"line":129,"column":8},"end":{"line":129,"column":null}},"51":{"start":{"line":138,"column":19},"end":{"line":138,"column":65}},"52":{"start":{"line":139,"column":8},"end":{"line":141,"column":null}},"53":{"start":{"line":140,"column":12},"end":{"line":140,"column":null}},"54":{"start":{"line":142,"column":18},"end":{"line":142,"column":51}},"55":{"start":{"line":143,"column":8},"end":{"line":143,"column":null}},"56":{"start":{"line":148,"column":21},"end":{"line":148,"column":79}},"57":{"start":{"line":149,"column":8},"end":{"line":150,"column":null}},"58":{"start":{"line":149,"column":29},"end":{"line":150,"column":null}},"59":{"start":{"line":151,"column":8},"end":{"line":151,"column":null}},"60":{"start":{"line":160,"column":25},"end":{"line":161,"column":59}},"61":{"start":{"line":162,"column":12},"end":{"line":164,"column":null}},"62":{"start":{"line":163,"column":16},"end":{"line":163,"column":null}},"63":{"start":{"line":165,"column":27},"end":{"line":165,"column":65}},"64":{"start":{"line":166,"column":12},"end":{"line":166,"column":null}},"65":{"start":{"line":166,"column":32},"end":{"line":166,"column":null}},"66":{"start":{"line":168,"column":12},"end":{"line":168,"column":null}},"67":{"start":{"line":174,"column":21},"end":{"line":174,"column":68}},"68":{"start":{"line":175,"column":8},"end":{"line":175,"column":null}},"69":{"start":{"line":175,"column":19},"end":{"line":175,"column":null}},"70":{"start":{"line":176,"column":8},"end":{"line":176,"column":null}},"71":{"start":{"line":180,"column":18},"end":{"line":181,"column":51}},"72":{"start":{"line":182,"column":8},"end":{"line":183,"column":null}},"73":{"start":{"line":182,"column":20},"end":{"line":183,"column":null}},"74":{"start":{"line":184,"column":8},"end":{"line":184,"column":null}},"75":{"start":{"line":6,"column":0},"end":{"line":6,"column":21}},"76":{"start":{"line":191,"column":16},"end":{"line":191,"column":80}},"77":{"start":{"line":192,"column":15},"end":{"line":192,"column":17}},"78":{"start":{"line":193,"column":4},"end":{"line":195,"column":null}},"79":{"start":{"line":193,"column":15},"end":{"line":193,"column":16}},"80":{"start":{"line":194,"column":8},"end":{"line":194,"column":71}},"81":{"start":{"line":196,"column":4},"end":{"line":196,"column":null}}},"fnMap":{"0":{"name":"(anonymous_13)","decl":{"start":{"line":10,"column":10},"end":{"line":10,"column":27}},"loc":{"start":{"line":10,"column":39},"end":{"line":28,"column":null}}},"1":{"name":"(anonymous_15)","decl":{"start":{"line":31,"column":18},"end":{"line":31,"column":35}},"loc":{"start":{"line":31,"column":47},"end":{"line":37,"column":null}}},"2":{"name":"(anonymous_17)","decl":{"start":{"line":40,"column":18},"end":{"line":40,"column":35}},"loc":{"start":{"line":40,"column":65},"end":{"line":45,"column":null}}},"3":{"name":"(anonymous_19)","decl":{"start":{"line":47,"column":12},"end":{"line":47,"column":27}},"loc":{"start":{"line":47,"column":68},"end":{"line":52,"column":5}}},"4":{"name":"(anonymous_20)","decl":{"start":{"line":54,"column":10},"end":{"line":54,"column":33}},"loc":{"start":{"line":54,"column":55},"end":{"line":62,"column":null}}},"5":{"name":"(anonymous_22)","decl":{"start":{"line":71,"column":10},"end":{"line":71,"column":22}},"loc":{"start":{"line":71,"column":80},"end":{"line":90,"column":null}}},"6":{"name":"(anonymous_24)","decl":{"start":{"line":98,"column":10},"end":{"line":98,"column":21}},"loc":{"start":{"line":98,"column":59},"end":{"line":111,"column":null}}},"7":{"name":"(anonymous_26)","decl":{"start":{"line":113,"column":12},"end":{"line":113,"column":35}},"loc":{"start":{"line":113,"column":64},"end":{"line":123,"column":5}}},"8":{"name":"(anonymous_27)","decl":{"start":{"line":125,"column":10},"end":{"line":125,"column":27}},"loc":{"start":{"line":125,"column":45},"end":{"line":130,"column":null}}},"9":{"name":"(anonymous_29)","decl":{"start":{"line":137,"column":10},"end":{"line":137,"column":21}},"loc":{"start":{"line":137,"column":39},"end":{"line":144,"column":null}}},"10":{"name":"(anonymous_31)","decl":{"start":{"line":147,"column":10},"end":{"line":147,"column":25}},"loc":{"start":{"line":147,"column":85},"end":{"line":152,"column":null}}},"11":{"name":"(anonymous_33)","decl":{"start":{"line":158,"column":10},"end":{"line":158,"column":23}},"loc":{"start":{"line":159,"column":48},"end":{"line":169,"column":null}}},"12":{"name":"(anonymous_35)","decl":{"start":{"line":173,"column":10},"end":{"line":173,"column":31}},"loc":{"start":{"line":173,"column":49},"end":{"line":177,"column":null}}},"13":{"name":"(anonymous_37)","decl":{"start":{"line":179,"column":10},"end":{"line":179,"column":29}},"loc":{"start":{"line":179,"column":66},"end":{"line":185,"column":null}}},"14":{"name":"generateCode","decl":{"start":{"line":190,"column":9},"end":{"line":190,"column":21}},"loc":{"start":{"line":190,"column":36},"end":{"line":197,"column":1}}}},"branchMap":{"0":{"loc":{"start":{"line":16,"column":8},"end":{"line":27,"column":null}},"type":"switch","locations":[{"start":{"line":17,"column":12},"end":{"line":19,"column":null}},{"start":{"line":20,"column":12},"end":{"line":21,"column":null}},{"start":{"line":22,"column":12},"end":{"line":24,"column":null}},{"start":{"line":25,"column":12},"end":{"line":26,"column":null}}]},"1":{"loc":{"start":{"line":17,"column":18},"end":{"line":17,"column":55}},"type":"binary-expr","locations":[{"start":{"line":17,"column":18},"end":{"line":17,"column":35}},{"start":{"line":17,"column":39},"end":{"line":17,"column":55}}]},"2":{"loc":{"start":{"line":20,"column":18},"end":{"line":20,"column":55}},"type":"binary-expr","locations":[{"start":{"line":20,"column":18},"end":{"line":20,"column":34}},{"start":{"line":20,"column":38},"end":{"line":20,"column":55}}]},"3":{"loc":{"start":{"line":22,"column":18},"end":{"line":22,"column":54}},"type":"binary-expr","locations":[{"start":{"line":22,"column":18},"end":{"line":22,"column":34}},{"start":{"line":22,"column":38},"end":{"line":22,"column":54}}]},"4":{"loc":{"start":{"line":48,"column":8},"end":{"line":50,"column":null}},"type":"if","locations":[{"start":{"line":48,"column":8},"end":{"line":50,"column":null}}]},"5":{"loc":{"start":{"line":77,"column":8},"end":{"line":78,"column":null}},"type":"if","locations":[{"start":{"line":77,"column":8},"end":{"line":78,"column":null}}]},"6":{"loc":{"start":{"line":84,"column":8},"end":{"line":86,"column":null}},"type":"if","locations":[{"start":{"line":84,"column":8},"end":{"line":86,"column":null}}]},"7":{"loc":{"start":{"line":104,"column":8},"end":{"line":106,"column":null}},"type":"if","locations":[{"start":{"line":104,"column":8},"end":{"line":106,"column":null}}]},"8":{"loc":{"start":{"line":104,"column":12},"end":{"line":104,"column":49}},"type":"binary-expr","locations":[{"start":{"line":104,"column":12},"end":{"line":104,"column":29}},{"start":{"line":104,"column":33},"end":{"line":104,"column":49}}]},"9":{"loc":{"start":{"line":115,"column":8},"end":{"line":115,"column":null}},"type":"if","locations":[{"start":{"line":115,"column":8},"end":{"line":115,"column":null}}]},"10":{"loc":{"start":{"line":117,"column":8},"end":{"line":120,"column":null}},"type":"if","locations":[{"start":{"line":117,"column":8},"end":{"line":120,"column":null}}]},"11":{"loc":{"start":{"line":117,"column":12},"end":{"line":118,"column":50}},"type":"binary-expr","locations":[{"start":{"line":117,"column":12},"end":{"line":117,"column":46}},{"start":{"line":118,"column":16},"end":{"line":118,"column":50}}]},"12":{"loc":{"start":{"line":127,"column":8},"end":{"line":128,"column":null}},"type":"if","locations":[{"start":{"line":127,"column":8},"end":{"line":128,"column":null}}]},"13":{"loc":{"start":{"line":139,"column":8},"end":{"line":141,"column":null}},"type":"if","locations":[{"start":{"line":139,"column":8},"end":{"line":141,"column":null}}]},"14":{"loc":{"start":{"line":149,"column":8},"end":{"line":150,"column":null}},"type":"if","locations":[{"start":{"line":149,"column":8},"end":{"line":150,"column":null}}]},"15":{"loc":{"start":{"line":162,"column":12},"end":{"line":164,"column":null}},"type":"if","locations":[{"start":{"line":162,"column":12},"end":{"line":164,"column":null}}]},"16":{"loc":{"start":{"line":166,"column":12},"end":{"line":166,"column":null}},"type":"if","locations":[{"start":{"line":166,"column":12},"end":{"line":166,"column":null}}]},"17":{"loc":{"start":{"line":175,"column":8},"end":{"line":175,"column":null}},"type":"if","locations":[{"start":{"line":175,"column":8},"end":{"line":175,"column":null}}]},"18":{"loc":{"start":{"line":182,"column":8},"end":{"line":183,"column":null}},"type":"if","locations":[{"start":{"line":182,"column":8},"end":{"line":183,"column":null}}]},"19":{"loc":{"start":{"line":190,"column":22},"end":{"line":190,"column":36}},"type":"default-arg","locations":[{"start":{"line":190,"column":35},"end":{"line":190,"column":36}}]}},"s":{"0":2,"1":2,"2":10,"3":10,"4":10,"5":10,"6":10,"7":3,"8":3,"9":1,"10":3,"11":3,"12":3,"13":3,"14":3,"15":3,"16":3,"17":3,"18":3,"19":1,"20":2,"21":4,"22":4,"23":4,"24":0,"25":5,"26":5,"27":1,"28":4,"29":4,"30":4,"31":1,"32":3,"33":3,"34":3,"35":6,"36":6,"37":6,"38":2,"39":4,"40":4,"41":4,"42":6,"43":1,"44":5,"45":1,"46":4,"47":2,"48":2,"49":1,"50":1,"51":4,"52":4,"53":2,"54":2,"55":2,"56":2,"57":2,"58":2,"59":0,"60":4,"61":4,"62":2,"63":2,"64":2,"65":1,"66":1,"67":2,"68":2,"69":1,"70":1,"71":1,"72":1,"73":1,"74":0,"75":2,"76":0,"77":0,"78":0,"79":0,"80":0,"81":0},"f":{"0":10,"1":3,"2":3,"3":3,"4":4,"5":5,"6":6,"7":6,"8":2,"9":4,"10":2,"11":4,"12":2,"13":1,"14":0},"b":{"0":[3,1,3,3],"1":[10,6],"2":[7,4],"3":[6,3],"4":[1],"5":[1],"6":[1],"7":[2],"8":[6,4],"9":[1],"10":[1],"11":[5,4],"12":[1],"13":[2],"14":[2],"15":[2],"16":[1],"17":[1],"18":[1],"19":[0]}}
,"/Users/brandonman/Documents/Github/aegis_mvp_board/server/models/DefiData.ts": {"path":"/Users/brandonman/Documents/Github/aegis_mvp_board/server/models/DefiData.ts","statementMap":{"0":{"start":{"line":1,"column":0},"end":{"line":1,"column":46}},"1":{"start":{"line":9,"column":23},"end":{"line":12,"column":2}},"2":{"start":{"line":14,"column":22},"end":{"line":14,"column":70}},"3":{"start":{"line":15,"column":0},"end":{"line":15,"column":29}}},"fnMap":{},"branchMap":{},"s":{"0":2,"1":2,"2":2,"3":2},"f":{},"b":{}}
,"/Users/brandonman/Documents/Github/aegis_mvp_board/server/models/Protocols.ts": {"path":"/Users/brandonman/Documents/Github/aegis_mvp_board/server/models/Protocols.ts","statementMap":{"0":{"start":{"line":1,"column":0},"end":{"line":1,"column":46}},"1":{"start":{"line":10,"column":23},"end":{"line":15,"column":2}},"2":{"start":{"line":19,"column":22},"end":{"line":19,"column":76}},"3":{"start":{"line":20,"column":0},"end":{"line":20,"column":29}}},"fnMap":{},"branchMap":{},"s":{"0":3,"1":3,"2":3,"3":3},"f":{},"b":{}}
,"/Users/brandonman/Documents/Github/aegis_mvp_board/server/models/wrappedModelFunctions.ts": {"path":"/Users/brandonman/Documents/Github/aegis_mvp_board/server/models/wrappedModelFunctions.ts","statementMap":{"0":{"start":{"line":5,"column":19},"end":{"line":5,"column":91}},"1":{"start":{"line":6,"column":4},"end":{"line":8,"column":null}},"2":{"start":{"line":7,"column":8},"end":{"line":7,"column":null}},"3":{"start":{"line":9,"column":4},"end":{"line":9,"column":null}},"4":{"start":{"line":13,"column":8},"end":{"line":13,"column":22}}},"fnMap":{"0":{"name":"wrappedFindOne","decl":{"start":{"line":4,"column":15},"end":{"line":4,"column":29}},"loc":{"start":{"line":4,"column":68},"end":{"line":10,"column":null}}}},"branchMap":{"0":{"loc":{"start":{"line":6,"column":4},"end":{"line":8,"column":null}},"type":"if","locations":[{"start":{"line":6,"column":4},"end":{"line":8,"column":null}}]}},"s":{"0":1,"1":1,"2":1,"3":0,"4":1},"f":{"0":1},"b":{"0":[1]}}
,"/Users/brandonman/Documents/Github/aegis_mvp_board/server/models/dbInterface/userDbInterface.ts": {"path":"/Users/brandonman/Documents/Github/aegis_mvp_board/server/models/dbInterface/userDbInterface.ts","statementMap":{"0":{"start":{"line":2,"column":0},"end":{"line":2,"column":46}},"1":{"start":{"line":3,"column":0},"end":{"line":3,"column":63}},"2":{"start":{"line":9,"column":8},"end":{"line":9,"column":null}},"3":{"start":{"line":19,"column":21},"end":{"line":19,"column":55}},"4":{"start":{"line":20,"column":8},"end":{"line":22,"column":null}},"5":{"start":{"line":21,"column":12},"end":{"line":21,"column":null}},"6":{"start":{"line":23,"column":18},"end":{"line":23,"column":51}},"7":{"start":{"line":24,"column":8},"end":{"line":24,"column":null}},"8":{"start":{"line":33,"column":25},"end":{"line":34,"column":62}},"9":{"start":{"line":35,"column":8},"end":{"line":37,"column":null}},"10":{"start":{"line":36,"column":12},"end":{"line":36,"column":null}},"11":{"start":{"line":38,"column":8},"end":{"line":38,"column":null}},"12":{"start":{"line":39,"column":8},"end":{"line":39,"column":null}},"13":{"start":{"line":40,"column":8},"end":{"line":40,"column":null}},"14":{"start":{"line":49,"column":24},"end":{"line":51,"column":10}},"15":{"start":{"line":52,"column":8},"end":{"line":54,"column":null}},"16":{"start":{"line":53,"column":12},"end":{"line":53,"column":null}},"17":{"start":{"line":57,"column":8},"end":{"line":57,"column":null}},"18":{"start":{"line":64,"column":24},"end":{"line":70,"column":10}},"19":{"start":{"line":71,"column":8},"end":{"line":71,"column":null}},"20":{"start":{"line":5,"column":0},"end":{"line":5,"column":21}}},"fnMap":{"0":{"name":"(anonymous_14)","decl":{"start":{"line":8,"column":4},"end":{"line":8,"column":16}},"loc":{"start":{"line":8,"column":43},"end":{"line":10,"column":5}}},"1":{"name":"(anonymous_15)","decl":{"start":{"line":18,"column":10},"end":{"line":18,"column":18}},"loc":{"start":{"line":18,"column":37},"end":{"line":25,"column":null}}},"2":{"name":"(anonymous_17)","decl":{"start":{"line":31,"column":10},"end":{"line":31,"column":27}},"loc":{"start":{"line":31,"column":39},"end":{"line":41,"column":null}}},"3":{"name":"(anonymous_19)","decl":{"start":{"line":43,"column":10},"end":{"line":43,"column":21}},"loc":{"start":{"line":43,"column":32},"end":{"line":45,"column":null}}},"4":{"name":"(anonymous_21)","decl":{"start":{"line":47,"column":10},"end":{"line":47,"column":20}},"loc":{"start":{"line":47,"column":32},"end":{"line":58,"column":null}}},"5":{"name":"(anonymous_23)","decl":{"start":{"line":63,"column":10},"end":{"line":63,"column":33}},"loc":{"start":{"line":63,"column":47},"end":{"line":72,"column":null}}}},"branchMap":{"0":{"loc":{"start":{"line":20,"column":8},"end":{"line":22,"column":null}},"type":"if","locations":[{"start":{"line":20,"column":8},"end":{"line":22,"column":null}}]},"1":{"loc":{"start":{"line":35,"column":8},"end":{"line":37,"column":null}},"type":"if","locations":[{"start":{"line":35,"column":8},"end":{"line":37,"column":null}}]},"2":{"loc":{"start":{"line":52,"column":8},"end":{"line":54,"column":null}},"type":"if","locations":[{"start":{"line":52,"column":8},"end":{"line":54,"column":null}}]}},"s":{"0":1,"1":1,"2":5,"3":2,"4":2,"5":1,"6":1,"7":1,"8":4,"9":4,"10":1,"11":3,"12":3,"13":3,"14":0,"15":0,"16":0,"17":0,"18":0,"19":0,"20":1},"f":{"0":5,"1":2,"2":4,"3":0,"4":0,"5":0},"b":{"0":[1],"1":[1],"2":[0]}}
,"/Users/brandonman/Documents/Github/aegis_mvp_board/server/models/user/User.ts": {"path":"/Users/brandonman/Documents/Github/aegis_mvp_board/server/models/user/User.ts","statementMap":{"0":{"start":{"line":3,"column":8},"end":{"line":3,"column":25}},"1":{"start":{"line":11,"column":8},"end":{"line":11,"column":null}},"2":{"start":{"line":12,"column":8},"end":{"line":16,"column":null}},"3":{"start":{"line":13,"column":12},"end":{"line":13,"column":null}},"4":{"start":{"line":15,"column":12},"end":{"line":15,"column":null}},"5":{"start":{"line":20,"column":8},"end":{"line":20,"column":null}},"6":{"start":{"line":24,"column":8},"end":{"line":24,"column":null}},"7":{"start":{"line":26,"column":23},"end":{"line":26,"column":36}},"8":{"start":{"line":28,"column":23},"end":{"line":28,"column":67}},"9":{"start":{"line":191,"column":30},"end":{"line":191,"column":36}},"10":{"start":{"line":34,"column":8},"end":{"line":34,"column":null}},"11":{"start":{"line":35,"column":8},"end":{"line":36,"column":null}},"12":{"start":{"line":35,"column":35},"end":{"line":35,"column":58}},"13":{"start":{"line":36,"column":14},"end":{"line":36,"column":47}},"14":{"start":{"line":38,"column":23},"end":{"line":38,"column":35}},"15":{"start":{"line":39,"column":23},"end":{"line":39,"column":48}},"16":{"start":{"line":191,"column":18},"end":{"line":191,"column":28}},"17":{"start":{"line":60,"column":12},"end":{"line":60,"column":null}},"18":{"start":{"line":61,"column":12},"end":{"line":61,"column":null}},"19":{"start":{"line":63,"column":12},"end":{"line":67,"column":null}},"20":{"start":{"line":64,"column":16},"end":{"line":64,"column":null}},"21":{"start":{"line":66,"column":16},"end":{"line":66,"column":null}},"22":{"start":{"line":69,"column":12},"end":{"line":73,"column":null}},"23":{"start":{"line":70,"column":16},"end":{"line":70,"column":null}},"24":{"start":{"line":72,"column":16},"end":{"line":72,"column":null}},"25":{"start":{"line":75,"column":12},"end":{"line":79,"column":null}},"26":{"start":{"line":76,"column":16},"end":{"line":76,"column":null}},"27":{"start":{"line":78,"column":16},"end":{"line":78,"column":null}},"28":{"start":{"line":83,"column":24},"end":{"line":83,"column":37}},"29":{"start":{"line":84,"column":23},"end":{"line":84,"column":65}},"30":{"start":{"line":90,"column":30},"end":{"line":90,"column":61}},"31":{"start":{"line":92,"column":19},"end":{"line":94,"column":53}},"32":{"start":{"line":96,"column":8},"end":{"line":96,"column":null}},"33":{"start":{"line":101,"column":8},"end":{"line":103,"column":null}},"34":{"start":{"line":102,"column":12},"end":{"line":102,"column":null}},"35":{"start":{"line":105,"column":30},"end":{"line":108,"column":10}},"36":{"start":{"line":107,"column":45},"end":{"line":107,"column":71}},"37":{"start":{"line":109,"column":8},"end":{"line":111,"column":null}},"38":{"start":{"line":115,"column":8},"end":{"line":115,"column":null}},"39":{"start":{"line":119,"column":8},"end":{"line":119,"column":null}},"40":{"start":{"line":123,"column":8},"end":{"line":125,"column":null}},"41":{"start":{"line":124,"column":12},"end":{"line":124,"column":null}},"42":{"start":{"line":126,"column":8},"end":{"line":126,"column":null}},"43":{"start":{"line":127,"column":8},"end":{"line":127,"column":null}},"44":{"start":{"line":131,"column":8},"end":{"line":131,"column":null}},"45":{"start":{"line":136,"column":8},"end":{"line":136,"column":null}},"46":{"start":{"line":140,"column":8},"end":{"line":140,"column":null}},"47":{"start":{"line":145,"column":8},"end":{"line":151,"column":14}},"48":{"start":{"line":148,"column":16},"end":{"line":148,"column":null}},"49":{"start":{"line":149,"column":16},"end":{"line":149,"column":null}},"50":{"start":{"line":152,"column":8},"end":{"line":152,"column":null}},"51":{"start":{"line":156,"column":35},"end":{"line":156,"column":60}},"52":{"start":{"line":157,"column":8},"end":{"line":161,"column":null}},"53":{"start":{"line":159,"column":16},"end":{"line":159,"column":null}},"54":{"start":{"line":162,"column":8},"end":{"line":162,"column":null}},"55":{"start":{"line":166,"column":38},"end":{"line":166,"column":68}},"56":{"start":{"line":167,"column":25},"end":{"line":172,"column":null}},"57":{"start":{"line":173,"column":8},"end":{"line":173,"column":null}},"58":{"start":{"line":46,"column":0},"end":{"line":46,"column":21}},"59":{"start":{"line":183,"column":8},"end":{"line":183,"column":null}},"60":{"start":{"line":184,"column":8},"end":{"line":184,"column":null}},"61":{"start":{"line":187,"column":24},"end":{"line":187,"column":36}},"62":{"start":{"line":188,"column":31},"end":{"line":188,"column":56}},"63":{"start":{"line":191,"column":8},"end":{"line":191,"column":16}}},"fnMap":{"0":{"name":"(anonymous_0)","decl":{"start":{"line":10,"column":4},"end":{"line":10,"column":16}},"loc":{"start":{"line":10,"column":48},"end":{"line":17,"column":5}}},"1":{"name":"(anonymous_1)","decl":{"start":{"line":19,"column":4},"end":{"line":19,"column":10}},"loc":{"start":{"line":19,"column":39},"end":{"line":21,"column":5}}},"2":{"name":"(anonymous_2)","decl":{"start":{"line":23,"column":4},"end":{"line":23,"column":19}},"loc":{"start":{"line":23,"column":19},"end":{"line":25,"column":5}}},"3":{"name":"(anonymous_3)","decl":{"start":{"line":26,"column":4},"end":{"line":26,"column":10}},"loc":{"start":{"line":26,"column":10},"end":{"line":26,"column":36}}},"4":{"name":"(anonymous_4)","decl":{"start":{"line":28,"column":4},"end":{"line":28,"column":19}},"loc":{"start":{"line":28,"column":19},"end":{"line":28,"column":67}}},"5":{"name":"(anonymous_5)","decl":{"start":{"line":33,"column":4},"end":{"line":33,"column":16}},"loc":{"start":{"line":33,"column":38},"end":{"line":37,"column":5}}},"6":{"name":"(anonymous_6)","decl":{"start":{"line":38,"column":4},"end":{"line":38,"column":10}},"loc":{"start":{"line":38,"column":10},"end":{"line":38,"column":35}}},"7":{"name":"(anonymous_7)","decl":{"start":{"line":39,"column":4},"end":{"line":39,"column":19}},"loc":{"start":{"line":39,"column":19},"end":{"line":39,"column":48}}},"8":{"name":"(anonymous_8)","decl":{"start":{"line":54,"column":4},"end":{"line":54,"column":null}},"loc":{"start":{"line":59,"column":46},"end":{"line":81,"column":5}}},"9":{"name":"(anonymous_9)","decl":{"start":{"line":83,"column":4},"end":{"line":83,"column":10}},"loc":{"start":{"line":83,"column":10},"end":{"line":83,"column":38}}},"10":{"name":"(anonymous_10)","decl":{"start":{"line":84,"column":4},"end":{"line":84,"column":19}},"loc":{"start":{"line":84,"column":19},"end":{"line":84,"column":65}}},"11":{"name":"(anonymous_11)","decl":{"start":{"line":89,"column":4},"end":{"line":89,"column":10}},"loc":{"start":{"line":89,"column":44},"end":{"line":97,"column":5}}},"12":{"name":"(anonymous_12)","decl":{"start":{"line":100,"column":4},"end":{"line":100,"column":10}},"loc":{"start":{"line":100,"column":64},"end":{"line":112,"column":5}}},"13":{"name":"(anonymous_13)","decl":{"start":{"line":107,"column":13},"end":{"line":107,"column":14}},"loc":{"start":{"line":107,"column":45},"end":{"line":107,"column":71}}},"14":{"name":"(anonymous_14)","decl":{"start":{"line":114,"column":4},"end":{"line":114,"column":19}},"loc":{"start":{"line":114,"column":19},"end":{"line":116,"column":5}}},"15":{"name":"(anonymous_15)","decl":{"start":{"line":118,"column":4},"end":{"line":118,"column":24}},"loc":{"start":{"line":118,"column":24},"end":{"line":120,"column":5}}},"16":{"name":"(anonymous_16)","decl":{"start":{"line":122,"column":4},"end":{"line":122,"column":21}},"loc":{"start":{"line":122,"column":56},"end":{"line":128,"column":5}}},"17":{"name":"(anonymous_17)","decl":{"start":{"line":130,"column":4},"end":{"line":130,"column":27}},"loc":{"start":{"line":130,"column":82},"end":{"line":132,"column":5}}},"18":{"name":"(anonymous_18)","decl":{"start":{"line":135,"column":4},"end":{"line":135,"column":21}},"loc":{"start":{"line":135,"column":21},"end":{"line":137,"column":5}}},"19":{"name":"(anonymous_19)","decl":{"start":{"line":139,"column":4},"end":{"line":139,"column":26}},"loc":{"start":{"line":139,"column":44},"end":{"line":141,"column":5}}},"20":{"name":"(anonymous_20)","decl":{"start":{"line":143,"column":4},"end":{"line":143,"column":27}},"loc":{"start":{"line":143,"column":27},"end":{"line":153,"column":5}}},"21":{"name":"(anonymous_21)","decl":{"start":{"line":145,"column":48},"end":{"line":145,"column":49}},"loc":{"start":{"line":146,"column":74},"end":{"line":151,"column":9}}},"22":{"name":"(anonymous_22)","decl":{"start":{"line":155,"column":4},"end":{"line":155,"column":10}},"loc":{"start":{"line":155,"column":65},"end":{"line":163,"column":5}}},"23":{"name":"(anonymous_23)","decl":{"start":{"line":157,"column":36},"end":{"line":157,"column":37}},"loc":{"start":{"line":157,"column":79},"end":{"line":161,"column":9}}},"24":{"name":"(anonymous_24)","decl":{"start":{"line":165,"column":4},"end":{"line":165,"column":17}},"loc":{"start":{"line":165,"column":17},"end":{"line":174,"column":5}}},"25":{"name":"(anonymous_25)","decl":{"start":{"line":182,"column":4},"end":{"line":182,"column":16}},"loc":{"start":{"line":182,"column":38},"end":{"line":185,"column":5}}},"26":{"name":"(anonymous_26)","decl":{"start":{"line":187,"column":4},"end":{"line":187,"column":10}},"loc":{"start":{"line":187,"column":10},"end":{"line":187,"column":36}}},"27":{"name":"(anonymous_27)","decl":{"start":{"line":188,"column":4},"end":{"line":188,"column":19}},"loc":{"start":{"line":188,"column":19},"end":{"line":188,"column":56}}}},"branchMap":{"0":{"loc":{"start":{"line":12,"column":8},"end":{"line":16,"column":null}},"type":"if","locations":[{"start":{"line":12,"column":8},"end":{"line":16,"column":null}},{"start":{"line":14,"column":13},"end":{"line":16,"column":null}}]},"1":{"loc":{"start":{"line":35,"column":8},"end":{"line":36,"column":null}},"type":"if","locations":[{"start":{"line":35,"column":8},"end":{"line":36,"column":null}},{"start":{"line":36,"column":12},"end":{"line":36,"column":null}}]},"2":{"loc":{"start":{"line":63,"column":12},"end":{"line":67,"column":null}},"type":"if","locations":[{"start":{"line":63,"column":12},"end":{"line":67,"column":null}},{"start":{"line":65,"column":17},"end":{"line":67,"column":null}}]},"3":{"loc":{"start":{"line":69,"column":12},"end":{"line":73,"column":null}},"type":"if","locations":[{"start":{"line":69,"column":12},"end":{"line":73,"column":null}},{"start":{"line":71,"column":17},"end":{"line":73,"column":null}}]},"4":{"loc":{"start":{"line":75,"column":12},"end":{"line":79,"column":null}},"type":"if","locations":[{"start":{"line":75,"column":12},"end":{"line":79,"column":null}},{"start":{"line":77,"column":17},"end":{"line":79,"column":null}}]},"5":{"loc":{"start":{"line":101,"column":8},"end":{"line":103,"column":null}},"type":"if","locations":[{"start":{"line":101,"column":8},"end":{"line":103,"column":null}}]},"6":{"loc":{"start":{"line":123,"column":8},"end":{"line":125,"column":null}},"type":"if","locations":[{"start":{"line":123,"column":8},"end":{"line":125,"column":null}}]},"7":{"loc":{"start":{"line":184,"column":28},"end":{"line":184,"column":46}},"type":"binary-expr","locations":[{"start":{"line":184,"column":28},"end":{"line":184,"column":40}},{"start":{"line":184,"column":44},"end":{"line":184,"column":46}}]}},"s":{"0":4,"1":15,"2":15,"3":0,"4":15,"5":1,"6":3,"7":0,"8":0,"9":4,"10":3,"11":3,"12":0,"13":3,"14":3,"15":2,"16":4,"17":84,"18":84,"19":84,"20":14,"21":70,"22":84,"23":82,"24":2,"25":84,"26":73,"27":11,"28":7,"29":0,"30":3,"31":3,"32":3,"33":9,"34":1,"35":8,"36":0,"37":8,"38":8,"39":5,"40":6,"41":0,"42":6,"43":6,"44":5,"45":2,"46":2,"47":42,"48":3,"49":3,"50":42,"51":0,"52":0,"53":0,"54":0,"55":41,"56":41,"57":41,"58":4,"59":5,"60":5,"61":5,"62":1,"63":4},"f":{"0":15,"1":1,"2":3,"3":0,"4":0,"5":3,"6":3,"7":2,"8":84,"9":7,"10":0,"11":3,"12":9,"13":0,"14":8,"15":5,"16":6,"17":5,"18":2,"19":2,"20":42,"21":3,"22":0,"23":0,"24":41,"25":5,"26":5,"27":1},"b":{"0":[0,15],"1":[0,3],"2":[14,70],"3":[82,2],"4":[73,11],"5":[1],"6":[0],"7":[5,3]}}
,"/Users/brandonman/Documents/Github/aegis_mvp_board/server/models/user/UserModel.ts": {"path":"/Users/brandonman/Documents/Github/aegis_mvp_board/server/models/user/UserModel.ts","statementMap":{"0":{"start":{"line":1,"column":0},"end":{"line":1,"column":46}},"1":{"start":{"line":20,"column":21},"end":{"line":23,"column":2}},"2":{"start":{"line":25,"column":23},"end":{"line":27,"column":2}},"3":{"start":{"line":29,"column":19},"end":{"line":35,"column":2}},"4":{"start":{"line":41,"column":18},"end":{"line":41,"column":59}},"5":{"start":{"line":42,"column":20},"end":{"line":42,"column":67}},"6":{"start":{"line":46,"column":9},"end":{"line":46,"column":20}},"7":{"start":{"line":43,"column":22},"end":{"line":43,"column":78}},"8":{"start":{"line":46,"column":22},"end":{"line":46,"column":35}},"9":{"start":{"line":45,"column":0},"end":{"line":45,"column":25}}},"fnMap":{},"branchMap":{},"s":{"0":3,"1":3,"2":3,"3":3,"4":3,"5":3,"6":3,"7":3,"8":3,"9":3},"f":{},"b":{}}
,"/Users/brandonman/Documents/Github/aegis_mvp_board/server/routes/defiData.ts": {"path":"/Users/brandonman/Documents/Github/aegis_mvp_board/server/routes/defiData.ts","statementMap":{"0":{"start":{"line":1,"column":0},"end":{"line":1,"column":53}},"1":{"start":{"line":2,"column":0},"end":{"line":2,"column":47}},"2":{"start":{"line":5,"column":15},"end":{"line":5,"column":31}},"3":{"start":{"line":11,"column":0},"end":{"line":19,"column":3}},"4":{"start":{"line":11,"column":54},"end":{"line":19,"column":2}},"5":{"start":{"line":12,"column":4},"end":{"line":17,"column":null}},"6":{"start":{"line":13,"column":25},"end":{"line":13,"column":53}},"7":{"start":{"line":14,"column":8},"end":{"line":14,"column":null}},"8":{"start":{"line":16,"column":8},"end":{"line":16,"column":null}},"9":{"start":{"line":44,"column":0},"end":{"line":44,"column":null}}},"fnMap":{"0":{"name":"(anonymous_8)","decl":{"start":{"line":11,"column":16},"end":{"line":11,"column":23}},"loc":{"start":{"line":11,"column":54},"end":{"line":19,"column":2}}},"1":{"name":"(anonymous_9)","decl":{"start":{"line":11,"column":54},"end":{"line":11,"column":null}},"loc":{"start":{"line":11,"column":54},"end":{"line":19,"column":1}}}},"branchMap":{},"s":{"0":1,"1":1,"2":1,"3":1,"4":3,"5":3,"6":3,"7":3,"8":0,"9":1},"f":{"0":3,"1":3},"b":{}}
,"/Users/brandonman/Documents/Github/aegis_mvp_board/server/routes/protocols.ts": {"path":"/Users/brandonman/Documents/Github/aegis_mvp_board/server/routes/protocols.ts","statementMap":{"0":{"start":{"line":1,"column":0},"end":{"line":1,"column":63}},"1":{"start":{"line":2,"column":0},"end":{"line":2,"column":48}},"2":{"start":{"line":3,"column":15},"end":{"line":3,"column":31}},"3":{"start":{"line":4,"column":0},"end":{"line":4,"column":67}},"4":{"start":{"line":14,"column":0},"end":{"line":22,"column":3}},"5":{"start":{"line":14,"column":54},"end":{"line":22,"column":2}},"6":{"start":{"line":15,"column":29},"end":{"line":15,"column":66}},"7":{"start":{"line":16,"column":4},"end":{"line":21,"column":null}},"8":{"start":{"line":17,"column":27},"end":{"line":17,"column":72}},"9":{"start":{"line":18,"column":8},"end":{"line":18,"column":null}},"10":{"start":{"line":20,"column":8},"end":{"line":20,"column":null}},"11":{"start":{"line":31,"column":0},"end":{"line":39,"column":3}},"12":{"start":{"line":31,"column":55},"end":{"line":39,"column":2}},"13":{"start":{"line":32,"column":29},"end":{"line":32,"column":66}},"14":{"start":{"line":33,"column":4},"end":{"line":38,"column":null}},"15":{"start":{"line":34,"column":28},"end":{"line":34,"column":78}},"16":{"start":{"line":35,"column":8},"end":{"line":35,"column":44}},"17":{"start":{"line":37,"column":8},"end":{"line":37,"column":49}},"18":{"start":{"line":41,"column":0},"end":{"line":41,"column":null}}},"fnMap":{"0":{"name":"(anonymous_8)","decl":{"start":{"line":14,"column":16},"end":{"line":14,"column":23}},"loc":{"start":{"line":14,"column":54},"end":{"line":22,"column":2}}},"1":{"name":"(anonymous_9)","decl":{"start":{"line":14,"column":54},"end":{"line":14,"column":null}},"loc":{"start":{"line":14,"column":54},"end":{"line":22,"column":1}}},"2":{"name":"(anonymous_10)","decl":{"start":{"line":31,"column":17},"end":{"line":31,"column":24}},"loc":{"start":{"line":31,"column":55},"end":{"line":39,"column":2}}},"3":{"name":"(anonymous_11)","decl":{"start":{"line":31,"column":55},"end":{"line":31,"column":null}},"loc":{"start":{"line":31,"column":55},"end":{"line":39,"column":1}}}},"branchMap":{},"s":{"0":1,"1":1,"2":1,"3":1,"4":1,"5":3,"6":3,"7":3,"8":3,"9":3,"10":0,"11":1,"12":10,"13":10,"14":10,"15":10,"16":4,"17":6,"18":1},"f":{"0":3,"1":3,"2":10,"3":10},"b":{}}
,"/Users/brandonman/Documents/Github/aegis_mvp_board/server/routes/user.ts": {"path":"/Users/brandonman/Documents/Github/aegis_mvp_board/server/routes/user.ts","statementMap":{"0":{"start":{"line":1,"column":0},"end":{"line":1,"column":53}},"1":{"start":{"line":2,"column":0},"end":{"line":2,"column":49}},"2":{"start":{"line":3,"column":0},"end":{"line":3,"column":59}},"3":{"start":{"line":4,"column":0},"end":{"line":4,"column":68}},"4":{"start":{"line":5,"column":0},"end":{"line":5,"column":39}},"5":{"start":{"line":7,"column":15},"end":{"line":7,"column":31}},"6":{"start":{"line":8,"column":23},"end":{"line":8,"column":43}},"7":{"start":{"line":13,"column":0},"end":{"line":20,"column":3}},"8":{"start":{"line":13,"column":53},"end":{"line":20,"column":2}},"9":{"start":{"line":14,"column":4},"end":{"line":19,"column":null}},"10":{"start":{"line":15,"column":22},"end":{"line":15,"column":46}},"11":{"start":{"line":16,"column":8},"end":{"line":16,"column":null}},"12":{"start":{"line":18,"column":8},"end":{"line":18,"column":22}},"13":{"start":{"line":28,"column":0},"end":{"line":71,"column":3}},"14":{"start":{"line":28,"column":55},"end":{"line":71,"column":2}},"15":{"start":{"line":29,"column":17},"end":{"line":29,"column":25}},"16":{"start":{"line":30,"column":18},"end":{"line":30,"column":89}},"17":{"start":{"line":31,"column":4},"end":{"line":31,"column":null}},"18":{"start":{"line":79,"column":0},"end":{"line":83,"column":3}},"19":{"start":{"line":79,"column":85},"end":{"line":83,"column":2}},"20":{"start":{"line":80,"column":29},"end":{"line":80,"column":39}},"21":{"start":{"line":81,"column":19},"end":{"line":81,"column":77}},"22":{"start":{"line":82,"column":4},"end":{"line":82,"column":null}},"23":{"start":{"line":91,"column":0},"end":{"line":106,"column":3}},"24":{"start":{"line":91,"column":84},"end":{"line":106,"column":2}},"25":{"start":{"line":92,"column":34},"end":{"line":92,"column":44}},"26":{"start":{"line":93,"column":37},"end":{"line":93,"column":45}},"27":{"start":{"line":94,"column":17},"end":{"line":94,"column":84}},"28":{"start":{"line":95,"column":4},"end":{"line":96,"column":67}},"29":{"start":{"line":96,"column":8},"end":{"line":96,"column":67}},"30":{"start":{"line":98,"column":22},"end":{"line":98,"column":45}},"31":{"start":{"line":99,"column":4},"end":{"line":101,"column":66}},"32":{"start":{"line":100,"column":8},"end":{"line":101,"column":66}},"33":{"start":{"line":102,"column":4},"end":{"line":102,"column":54}},"34":{"start":{"line":103,"column":4},"end":{"line":103,"column":22}},"35":{"start":{"line":105,"column":4},"end":{"line":105,"column":55}},"36":{"start":{"line":111,"column":0},"end":{"line":123,"column":3}},"37":{"start":{"line":111,"column":87},"end":{"line":123,"column":2}},"38":{"start":{"line":112,"column":34},"end":{"line":112,"column":44}},"39":{"start":{"line":113,"column":37},"end":{"line":113,"column":45}},"40":{"start":{"line":114,"column":17},"end":{"line":114,"column":84}},"41":{"start":{"line":115,"column":4},"end":{"line":115,"column":21}},"42":{"start":{"line":115,"column":15},"end":{"line":115,"column":21}},"43":{"start":{"line":116,"column":8},"end":{"line":116,"column":60}},"44":{"start":{"line":118,"column":26},"end":{"line":118,"column":49}},"45":{"start":{"line":119,"column":4},"end":{"line":119,"column":110}},"46":{"start":{"line":119,"column":49},"end":{"line":119,"column":110}},"47":{"start":{"line":120,"column":4},"end":{"line":120,"column":58}},"48":{"start":{"line":121,"column":4},"end":{"line":121,"column":22}},"49":{"start":{"line":122,"column":4},"end":{"line":122,"column":57}},"50":{"start":{"line":131,"column":0},"end":{"line":143,"column":3}},"51":{"start":{"line":131,"column":80},"end":{"line":143,"column":2}},"52":{"start":{"line":132,"column":29},"end":{"line":132,"column":39}},"53":{"start":{"line":133,"column":17},"end":{"line":133,"column":72}},"54":{"start":{"line":134,"column":4},"end":{"line":135,"column":84}},"55":{"start":{"line":135,"column":8},"end":{"line":135,"column":84}},"56":{"start":{"line":137,"column":48},"end":{"line":137,"column":56}},"57":{"start":{"line":138,"column":34},"end":{"line":138,"column":69}},"58":{"start":{"line":142,"column":4},"end":{"line":142,"column":57}},"59":{"start":{"line":146,"column":0},"end":{"line":150,"column":3}},"60":{"start":{"line":146,"column":75},"end":{"line":150,"column":2}},"61":{"start":{"line":147,"column":25},"end":{"line":147,"column":35}},"62":{"start":{"line":148,"column":19},"end":{"line":148,"column":67}},"63":{"start":{"line":149,"column":4},"end":{"line":149,"column":null}},"64":{"start":{"line":152,"column":0},"end":{"line":156,"column":3}},"65":{"start":{"line":152,"column":97},"end":{"line":156,"column":2}},"66":{"start":{"line":153,"column":49},"end":{"line":153,"column":59}},"67":{"start":{"line":154,"column":19},"end":{"line":154,"column":89}},"68":{"start":{"line":155,"column":4},"end":{"line":155,"column":null}},"69":{"start":{"line":163,"column":0},"end":{"line":167,"column":5}},"70":{"start":{"line":163,"column":50},"end":{"line":167,"column":4}},"71":{"start":{"line":164,"column":25},"end":{"line":164,"column":35}},"72":{"start":{"line":165,"column":19},"end":{"line":165,"column":71}},"73":{"start":{"line":166,"column":4},"end":{"line":166,"column":null}},"74":{"start":{"line":173,"column":0},"end":{"line":177,"column":3}},"75":{"start":{"line":173,"column":62},"end":{"line":177,"column":2}},"76":{"start":{"line":174,"column":35},"end":{"line":174,"column":45}},"77":{"start":{"line":175,"column":19},"end":{"line":175,"column":79}},"78":{"start":{"line":176,"column":4},"end":{"line":176,"column":null}},"79":{"start":{"line":179,"column":0},"end":{"line":179,"column":22}},"80":{"start":{"line":181,"column":0},"end":{"line":181,"column":null}}},"fnMap":{"0":{"name":"(anonymous_8)","decl":{"start":{"line":13,"column":16},"end":{"line":13,"column":22}},"loc":{"start":{"line":13,"column":53},"end":{"line":20,"column":2}}},"1":{"name":"(anonymous_9)","decl":{"start":{"line":13,"column":53},"end":{"line":13,"column":null}},"loc":{"start":{"line":13,"column":53},"end":{"line":20,"column":1}}},"2":{"name":"(anonymous_10)","decl":{"start":{"line":28,"column":17},"end":{"line":28,"column":24}},"loc":{"start":{"line":28,"column":55},"end":{"line":71,"column":2}}},"3":{"name":"(anonymous_11)","decl":{"start":{"line":28,"column":55},"end":{"line":28,"column":null}},"loc":{"start":{"line":28,"column":55},"end":{"line":71,"column":1}}},"4":{"name":"(anonymous_12)","decl":{"start":{"line":79,"column":47},"end":{"line":79,"column":54}},"loc":{"start":{"line":79,"column":85},"end":{"line":83,"column":2}}},"5":{"name":"(anonymous_13)","decl":{"start":{"line":79,"column":85},"end":{"line":79,"column":null}},"loc":{"start":{"line":79,"column":85},"end":{"line":83,"column":1}}},"6":{"name":"(anonymous_14)","decl":{"start":{"line":91,"column":46},"end":{"line":91,"column":53}},"loc":{"start":{"line":91,"column":84},"end":{"line":106,"column":2}}},"7":{"name":"(anonymous_15)","decl":{"start":{"line":91,"column":84},"end":{"line":91,"column":null}},"loc":{"start":{"line":91,"column":84},"end":{"line":106,"column":1}}},"8":{"name":"(anonymous_16)","decl":{"start":{"line":111,"column":49},"end":{"line":111,"column":56}},"loc":{"start":{"line":111,"column":87},"end":{"line":123,"column":2}}},"9":{"name":"(anonymous_17)","decl":{"start":{"line":111,"column":87},"end":{"line":111,"column":null}},"loc":{"start":{"line":111,"column":87},"end":{"line":123,"column":1}}},"10":{"name":"(anonymous_18)","decl":{"start":{"line":131,"column":42},"end":{"line":131,"column":49}},"loc":{"start":{"line":131,"column":80},"end":{"line":143,"column":2}}},"11":{"name":"(anonymous_19)","decl":{"start":{"line":131,"column":80},"end":{"line":131,"column":null}},"loc":{"start":{"line":131,"column":80},"end":{"line":143,"column":1}}},"12":{"name":"(anonymous_20)","decl":{"start":{"line":146,"column":37},"end":{"line":146,"column":44}},"loc":{"start":{"line":146,"column":75},"end":{"line":150,"column":2}}},"13":{"name":"(anonymous_21)","decl":{"start":{"line":146,"column":75},"end":{"line":146,"column":null}},"loc":{"start":{"line":146,"column":75},"end":{"line":150,"column":1}}},"14":{"name":"(anonymous_22)","decl":{"start":{"line":152,"column":59},"end":{"line":152,"column":66}},"loc":{"start":{"line":152,"column":97},"end":{"line":156,"column":2}}},"15":{"name":"(anonymous_23)","decl":{"start":{"line":152,"column":97},"end":{"line":152,"column":null}},"loc":{"start":{"line":152,"column":97},"end":{"line":156,"column":1}}},"16":{"name":"(anonymous_24)","decl":{"start":{"line":163,"column":31},"end":{"line":163,"column":38}},"loc":{"start":{"line":163,"column":50},"end":{"line":167,"column":4}}},"17":{"name":"(anonymous_25)","decl":{"start":{"line":163,"column":50},"end":{"line":163,"column":null}},"loc":{"start":{"line":163,"column":50},"end":{"line":167,"column":3}}},"18":{"name":"(anonymous_26)","decl":{"start":{"line":173,"column":43},"end":{"line":173,"column":50}},"loc":{"start":{"line":173,"column":62},"end":{"line":177,"column":2}}},"19":{"name":"(anonymous_27)","decl":{"start":{"line":173,"column":62},"end":{"line":173,"column":null}},"loc":{"start":{"line":173,"column":62},"end":{"line":177,"column":1}}}},"branchMap":{"0":{"loc":{"start":{"line":95,"column":4},"end":{"line":96,"column":67}},"type":"if","locations":[{"start":{"line":95,"column":4},"end":{"line":96,"column":67}}]},"1":{"loc":{"start":{"line":99,"column":4},"end":{"line":101,"column":66}},"type":"if","locations":[{"start":{"line":99,"column":4},"end":{"line":101,"column":66}}]},"2":{"loc":{"start":{"line":115,"column":4},"end":{"line":115,"column":21}},"type":"if","locations":[{"start":{"line":115,"column":4},"end":{"line":115,"column":21}}]},"3":{"loc":{"start":{"line":119,"column":4},"end":{"line":119,"column":110}},"type":"if","locations":[{"start":{"line":119,"column":4},"end":{"line":119,"column":110}}]},"4":{"loc":{"start":{"line":134,"column":4},"end":{"line":135,"column":84}},"type":"if","locations":[{"start":{"line":134,"column":4},"end":{"line":135,"column":84}}]}},"s":{"0":1,"1":1,"2":1,"3":1,"4":1,"5":1,"6":1,"7":1,"8":1,"9":1,"10":1,"11":1,"12":0,"13":1,"14":1,"15":1,"16":1,"17":1,"18":1,"19":2,"20":2,"21":2,"22":2,"23":1,"24":0,"25":0,"26":0,"27":0,"28":0,"29":0,"30":0,"31":0,"32":0,"33":0,"34":0,"35":0,"36":1,"37":0,"38":0,"39":0,"40":0,"41":0,"42":0,"43":0,"44":0,"45":0,"46":0,"47":0,"48":0,"49":0,"50":1,"51":0,"52":0,"53":0,"54":0,"55":0,"56":0,"57":0,"58":0,"59":1,"60":2,"61":2,"62":2,"63":2,"64":1,"65":2,"66":2,"67":2,"68":2,"69":1,"70":2,"71":2,"72":2,"73":2,"74":1,"75":1,"76":1,"77":1,"78":1,"79":1,"80":1},"f":{"0":1,"1":1,"2":1,"3":1,"4":2,"5":2,"6":0,"7":0,"8":0,"9":0,"10":0,"11":0,"12":2,"13":2,"14":2,"15":2,"16":2,"17":2,"18":1,"19":1},"b":{"0":[0],"1":[0],"2":[0],"3":[0],"4":[0]}}
,"/Users/brandonman/Documents/Github/aegis_mvp_board/server/test/testUtils.ts": {"path":"/Users/brandonman/Documents/Github/aegis_mvp_board/server/test/testUtils.ts","statementMap":{"0":{"start":{"line":1,"column":8},"end":{"line":1,"column":25}},"1":{"start":{"line":6,"column":4},"end":{"line":6,"column":null}},"2":{"start":{"line":7,"column":15},"end":{"line":10,"column":null}},"3":{"start":{"line":12,"column":4},"end":{"line":12,"column":null}},"4":{"start":{"line":31,"column":8},"end":{"line":31,"column":24}},"5":{"start":{"line":16,"column":4},"end":{"line":17,"column":null}},"6":{"start":{"line":17,"column":8},"end":{"line":17,"column":null}},"7":{"start":{"line":18,"column":4},"end":{"line":18,"column":null}},"8":{"start":{"line":22,"column":4},"end":{"line":22,"column":null}},"9":{"start":{"line":31,"column":26},"end":{"line":31,"column":38}},"10":{"start":{"line":26,"column":4},"end":{"line":26,"column":null}},"11":{"start":{"line":31,"column":40},"end":{"line":31,"column":63}},"12":{"start":{"line":29,"column":21},"end":{"line":29,"column":58}},"13":{"start":{"line":31,"column":65},"end":{"line":31,"column":79}}},"fnMap":{"0":{"name":"createUserObject","decl":{"start":{"line":4,"column":9},"end":{"line":4,"column":25}},"loc":{"start":{"line":5,"column":26},"end":{"line":13,"column":1}}},"1":{"name":"checkNumberNull","decl":{"start":{"line":15,"column":9},"end":{"line":15,"column":24}},"loc":{"start":{"line":15,"column":52},"end":{"line":19,"column":1}}},"2":{"name":"createRating","decl":{"start":{"line":21,"column":9},"end":{"line":21,"column":21}},"loc":{"start":{"line":21,"column":53},"end":{"line":23,"column":1}}},"3":{"name":"isEqualWithDocAndObject","decl":{"start":{"line":25,"column":9},"end":{"line":25,"column":32}},"loc":{"start":{"line":25,"column":78},"end":{"line":27,"column":1}}}},"branchMap":{"0":{"loc":{"start":{"line":16,"column":4},"end":{"line":17,"column":null}},"type":"if","locations":[{"start":{"line":16,"column":4},"end":{"line":17,"column":null}}]}},"s":{"0":2,"1":3,"2":3,"3":3,"4":2,"5":3,"6":3,"7":0,"8":18,"9":2,"10":1,"11":2,"12":2,"13":2},"f":{"0":3,"1":3,"2":18,"3":1},"b":{"0":[3]}}
,"/Users/brandonman/Documents/Github/aegis_mvp_board/server/test/dependencies/testModel.ts": {"path":"/Users/brandonman/Documents/Github/aegis_mvp_board/server/test/dependencies/testModel.ts","statementMap":{"0":{"start":{"line":1,"column":0},"end":{"line":1,"column":32}},"1":{"start":{"line":2,"column":16},"end":{"line":2,"column":77}},"2":{"start":{"line":3,"column":0},"end":{"line":3,"column":null}}},"fnMap":{},"branchMap":{},"s":{"0":1,"1":1,"2":1},"f":{},"b":{}}
}
