{"/Users/brandonman/Documents/Github/aegis_mvp_board/server/controllers/protocolController.ts": {"path":"/Users/brandonman/Documents/Github/aegis_mvp_board/server/controllers/protocolController.ts","statementMap":{"0":{"start":{"line":1,"column":0},"end":{"line":1,"column":48}},"1":{"start":{"line":6,"column":0},"end":{"line":6,"column":null}},"2":{"start":{"line":7,"column":4},"end":{"line":7,"column":null}},"3":{"start":{"line":8,"column":4},"end":{"line":8,"column":null}},"4":{"start":{"line":14,"column":8},"end":{"line":14,"column":null}},"5":{"start":{"line":18,"column":19},"end":{"line":18,"column":76}},"6":{"start":{"line":19,"column":8},"end":{"line":19,"column":null}},"7":{"start":{"line":25,"column":20},"end":{"line":25,"column":44}},"8":{"start":{"line":26,"column":32},"end":{"line":26,"column":74}},"9":{"start":{"line":27,"column":36},"end":{"line":27,"column":78}},"10":{"start":{"line":28,"column":8},"end":{"line":28,"column":null}},"11":{"start":{"line":32,"column":20},"end":{"line":36,"column":11}},"12":{"start":{"line":32,"column":48},"end":{"line":36,"column":10}},"13":{"start":{"line":37,"column":8},"end":{"line":37,"column":null}},"14":{"start":{"line":41,"column":20},"end":{"line":41,"column":36}},"15":{"start":{"line":42,"column":8},"end":{"line":44,"column":null}},"16":{"start":{"line":43,"column":12},"end":{"line":43,"column":null}},"17":{"start":{"line":45,"column":8},"end":{"line":45,"column":null}},"18":{"start":{"line":50,"column":18},"end":{"line":51,"column":null}},"19":{"start":{"line":54,"column":8},"end":{"line":58,"column":null}},"20":{"start":{"line":55,"column":32},"end":{"line":55,"column":59}},"21":{"start":{"line":56,"column":12},"end":{"line":56,"column":37}},"22":{"start":{"line":57,"column":12},"end":{"line":57,"column":null}},"23":{"start":{"line":59,"column":8},"end":{"line":59,"column":null}},"24":{"start":{"line":61,"column":8},"end":{"line":61,"column":null}},"25":{"start":{"line":62,"column":8},"end":{"line":62,"column":null}},"26":{"start":{"line":68,"column":25},"end":{"line":68,"column":40}},"27":{"start":{"line":70,"column":8},"end":{"line":72,"column":null}},"28":{"start":{"line":71,"column":12},"end":{"line":71,"column":40}},"29":{"start":{"line":74,"column":21},"end":{"line":76,"column":51}},"30":{"start":{"line":76,"column":12},"end":{"line":76,"column":26}},"31":{"start":{"line":77,"column":8},"end":{"line":77,"column":null}},"32":{"start":{"line":83,"column":8},"end":{"line":85,"column":null}},"33":{"start":{"line":84,"column":12},"end":{"line":84,"column":58}},"34":{"start":{"line":87,"column":35},"end":{"line":88,"column":null}},"35":{"start":{"line":91,"column":8},"end":{"line":91,"column":null}},"36":{"start":{"line":92,"column":8},"end":{"line":92,"column":null}},"37":{"start":{"line":93,"column":8},"end":{"line":93,"column":null}},"38":{"start":{"line":94,"column":8},"end":{"line":94,"column":null}},"39":{"start":{"line":95,"column":8},"end":{"line":95,"column":null}},"40":{"start":{"line":10,"column":0},"end":{"line":10,"column":21}}},"fnMap":{"0":{"name":"(anonymous_8)","decl":{"start":{"line":6,"column":0},"end":{"line":6,"column":5}},"loc":{"start":{"line":6,"column":10},"end":{"line":9,"column":1}}},"1":{"name":"(anonymous_9)","decl":{"start":{"line":13,"column":4},"end":{"line":13,"column":16}},"loc":{"start":{"line":13,"column":46},"end":{"line":15,"column":5}}},"2":{"name":"(anonymous_10)","decl":{"start":{"line":17,"column":10},"end":{"line":17,"column":34}},"loc":{"start":{"line":17,"column":49},"end":{"line":20,"column":null}}},"3":{"name":"(anonymous_12)","decl":{"start":{"line":24,"column":10},"end":{"line":24,"column":25}},"loc":{"start":{"line":24,"column":35},"end":{"line":29,"column":null}}},"4":{"name":"(anonymous_14)","decl":{"start":{"line":31,"column":12},"end":{"line":31,"column":30}},"loc":{"start":{"line":31,"column":41},"end":{"line":38,"column":5}}},"5":{"name":"(anonymous_15)","decl":{"start":{"line":32,"column":29},"end":{"line":32,"column":30}},"loc":{"start":{"line":32,"column":48},"end":{"line":36,"column":10}}},"6":{"name":"(anonymous_16)","decl":{"start":{"line":40,"column":12},"end":{"line":40,"column":20}},"loc":{"start":{"line":40,"column":32},"end":{"line":46,"column":5}}},"7":{"name":"(anonymous_17)","decl":{"start":{"line":48,"column":10},"end":{"line":48,"column":25}},"loc":{"start":{"line":48,"column":43},"end":{"line":63,"column":null}}},"8":{"name":"(anonymous_19)","decl":{"start":{"line":66,"column":11},"end":{"line":66,"column":20}},"loc":{"start":{"line":67,"column":28},"end":{"line":78,"column":5}}},"9":{"name":"(anonymous_20)","decl":{"start":{"line":70,"column":41},"end":{"line":70,"column":51}},"loc":{"start":{"line":70,"column":77},"end":{"line":72,"column":9}}},"10":{"name":"(anonymous_21)","decl":{"start":{"line":75,"column":12},"end":{"line":75,"column":13}},"loc":{"start":{"line":76,"column":12},"end":{"line":76,"column":26}}},"11":{"name":"(anonymous_22)","decl":{"start":{"line":81,"column":11},"end":{"line":81,"column":20}},"loc":{"start":{"line":81,"column":50},"end":{"line":96,"column":5}}}},"branchMap":{"0":{"loc":{"start":{"line":6,"column":5},"end":{"line":6,"column":null}},"type":"binary-expr","locations":[{"start":{"line":6,"column":5},"end":{"line":6,"column":10}},{"start":{"line":6,"column":5},"end":{"line":6,"column":null}}]},"1":{"loc":{"start":{"line":42,"column":8},"end":{"line":44,"column":null}},"type":"if","locations":[{"start":{"line":42,"column":8},"end":{"line":44,"column":null}}]},"2":{"loc":{"start":{"line":42,"column":12},"end":{"line":42,"column":47}},"type":"binary-expr","locations":[{"start":{"line":42,"column":12},"end":{"line":42,"column":17}},{"start":{"line":42,"column":21},"end":{"line":42,"column":47}}]},"3":{"loc":{"start":{"line":54,"column":8},"end":{"line":58,"column":null}},"type":"if","locations":[{"start":{"line":54,"column":8},"end":{"line":58,"column":null}}]},"4":{"loc":{"start":{"line":83,"column":8},"end":{"line":85,"column":null}},"type":"if","locations":[{"start":{"line":83,"column":8},"end":{"line":85,"column":null}}]}},"s":{"0":2,"1":2,"2":2,"3":2,"4":25,"5":7,"6":7,"7":7,"8":7,"9":7,"10":7,"11":7,"12":15,"13":7,"14":7,"15":7,"16":1,"17":7,"18":11,"19":11,"20":9,"21":9,"22":3,"23":2,"24":2,"25":2,"26":8,"27":8,"28":40,"29":8,"30":40,"31":8,"32":7,"33":1,"34":6,"35":6,"36":6,"37":6,"38":6,"39":6,"40":2},"f":{"0":2,"1":25,"2":7,"3":7,"4":7,"5":15,"6":7,"7":11,"8":8,"9":40,"10":40,"11":7},"b":{"0":[2,2],"1":[1],"2":[7,7],"3":[9],"4":[1]}}
,"/Users/brandonman/Documents/Github/aegis_mvp_board/server/controllers/ratingController.ts": {"path":"/Users/brandonman/Documents/Github/aegis_mvp_board/server/controllers/ratingController.ts","statementMap":{"0":{"start":{"line":1,"column":0},"end":{"line":1,"column":80}},"1":{"start":{"line":2,"column":0},"end":{"line":2,"column":71}},"2":{"start":{"line":27,"column":21},"end":{"line":30,"column":10}},"3":{"start":{"line":31,"column":8},"end":{"line":32,"column":null}},"4":{"start":{"line":32,"column":12},"end":{"line":32,"column":null}},"5":{"start":{"line":34,"column":26},"end":{"line":35,"column":56}},"6":{"start":{"line":37,"column":27},"end":{"line":37,"column":70}},"7":{"start":{"line":38,"column":8},"end":{"line":40,"column":null}},"8":{"start":{"line":39,"column":12},"end":{"line":39,"column":null}},"9":{"start":{"line":41,"column":8},"end":{"line":41,"column":54}},"10":{"start":{"line":42,"column":8},"end":{"line":42,"column":null}},"11":{"start":{"line":43,"column":8},"end":{"line":43,"column":null}},"12":{"start":{"line":47,"column":21},"end":{"line":47,"column":79}},"13":{"start":{"line":48,"column":8},"end":{"line":48,"column":null}},"14":{"start":{"line":48,"column":38},"end":{"line":48,"column":null}},"15":{"start":{"line":51,"column":8},"end":{"line":51,"column":null}},"16":{"start":{"line":56,"column":8},"end":{"line":56,"column":null}},"17":{"start":{"line":60,"column":19},"end":{"line":60,"column":64}},"18":{"start":{"line":61,"column":8},"end":{"line":61,"column":null}},"19":{"start":{"line":71,"column":21},"end":{"line":72,"column":55}},"20":{"start":{"line":73,"column":8},"end":{"line":75,"column":null}},"21":{"start":{"line":74,"column":12},"end":{"line":74,"column":null}},"22":{"start":{"line":76,"column":23},"end":{"line":76,"column":61}},"23":{"start":{"line":77,"column":8},"end":{"line":77,"column":null}},"24":{"start":{"line":77,"column":28},"end":{"line":77,"column":null}},"25":{"start":{"line":79,"column":8},"end":{"line":79,"column":null}},"26":{"start":{"line":83,"column":18},"end":{"line":84,"column":51}},"27":{"start":{"line":85,"column":8},"end":{"line":86,"column":null}},"28":{"start":{"line":85,"column":20},"end":{"line":86,"column":null}},"29":{"start":{"line":87,"column":8},"end":{"line":87,"column":null}},"30":{"start":{"line":15,"column":0},"end":{"line":15,"column":21}}},"fnMap":{"0":{"name":"(anonymous_13)","decl":{"start":{"line":26,"column":10},"end":{"line":26,"column":22}},"loc":{"start":{"line":26,"column":80},"end":{"line":44,"column":null}}},"1":{"name":"(anonymous_15)","decl":{"start":{"line":46,"column":10},"end":{"line":46,"column":25}},"loc":{"start":{"line":46,"column":85},"end":{"line":52,"column":null}}},"2":{"name":"(anonymous_17)","decl":{"start":{"line":55,"column":11},"end":{"line":55,"column":29}},"loc":{"start":{"line":55,"column":46},"end":{"line":57,"column":4}}},"3":{"name":"(anonymous_18)","decl":{"start":{"line":59,"column":11},"end":{"line":59,"column":31}},"loc":{"start":{"line":59,"column":47},"end":{"line":62,"column":4}}},"4":{"name":"(anonymous_19)","decl":{"start":{"line":69,"column":9},"end":{"line":69,"column":22}},"loc":{"start":{"line":70,"column":44},"end":{"line":80,"column":null}}},"5":{"name":"(anonymous_21)","decl":{"start":{"line":82,"column":10},"end":{"line":82,"column":29}},"loc":{"start":{"line":82,"column":66},"end":{"line":88,"column":null}}}},"branchMap":{"0":{"loc":{"start":{"line":31,"column":8},"end":{"line":32,"column":null}},"type":"if","locations":[{"start":{"line":31,"column":8},"end":{"line":32,"column":null}}]},"1":{"loc":{"start":{"line":38,"column":8},"end":{"line":40,"column":null}},"type":"if","locations":[{"start":{"line":38,"column":8},"end":{"line":40,"column":null}}]},"2":{"loc":{"start":{"line":48,"column":8},"end":{"line":48,"column":null}},"type":"if","locations":[{"start":{"line":48,"column":8},"end":{"line":48,"column":null}}]},"3":{"loc":{"start":{"line":73,"column":8},"end":{"line":75,"column":null}},"type":"if","locations":[{"start":{"line":73,"column":8},"end":{"line":75,"column":null}}]},"4":{"loc":{"start":{"line":77,"column":8},"end":{"line":77,"column":null}},"type":"if","locations":[{"start":{"line":77,"column":8},"end":{"line":77,"column":null}}]},"5":{"loc":{"start":{"line":85,"column":8},"end":{"line":86,"column":null}},"type":"if","locations":[{"start":{"line":85,"column":8},"end":{"line":86,"column":null}}]}},"s":{"0":2,"1":2,"2":7,"3":7,"4":2,"5":5,"6":5,"7":5,"8":1,"9":4,"10":4,"11":4,"12":5,"13":5,"14":3,"15":2,"16":4,"17":3,"18":3,"19":7,"20":7,"21":4,"22":3,"23":3,"24":1,"25":2,"26":3,"27":3,"28":1,"29":2,"30":2},"f":{"0":7,"1":5,"2":4,"3":3,"4":7,"5":3},"b":{"0":[2],"1":[1],"2":[3],"3":[4],"4":[1],"5":[1]}}
,"/Users/brandonman/Documents/Github/aegis_mvp_board/server/controllers/referralController.ts": {"path":"/Users/brandonman/Documents/Github/aegis_mvp_board/server/controllers/referralController.ts","statementMap":{"0":{"start":{"line":1,"column":0},"end":{"line":1,"column":49}},"1":{"start":{"line":2,"column":0},"end":{"line":2,"column":39}},"2":{"start":{"line":7,"column":8},"end":{"line":13,"column":null}},"3":{"start":{"line":8,"column":39},"end":{"line":9,"column":45}},"4":{"start":{"line":10,"column":12},"end":{"line":10,"column":null}},"5":{"start":{"line":12,"column":12},"end":{"line":12,"column":null}},"6":{"start":{"line":18,"column":24},"end":{"line":18,"column":76}},"7":{"start":{"line":20,"column":23},"end":{"line":21,"column":67}},"8":{"start":{"line":22,"column":8},"end":{"line":22,"column":null}},"9":{"start":{"line":32,"column":25},"end":{"line":33,"column":41}},"10":{"start":{"line":35,"column":21},"end":{"line":36,"column":79}},"11":{"start":{"line":37,"column":8},"end":{"line":39,"column":null}},"12":{"start":{"line":38,"column":12},"end":{"line":38,"column":null}},"13":{"start":{"line":40,"column":8},"end":{"line":40,"column":null}},"14":{"start":{"line":41,"column":8},"end":{"line":41,"column":null}},"15":{"start":{"line":43,"column":8},"end":{"line":43,"column":null}},"16":{"start":{"line":48,"column":8},"end":{"line":48,"column":null}},"17":{"start":{"line":48,"column":30},"end":{"line":48,"column":null}},"18":{"start":{"line":49,"column":8},"end":{"line":49,"column":null}},"19":{"start":{"line":49,"column":31},"end":{"line":49,"column":null}},"20":{"start":{"line":52,"column":8},"end":{"line":55,"column":null}},"21":{"start":{"line":54,"column":12},"end":{"line":54,"column":null}},"22":{"start":{"line":57,"column":8},"end":{"line":57,"column":null}},"23":{"start":{"line":4,"column":0},"end":{"line":4,"column":21}}},"fnMap":{"0":{"name":"(anonymous_8)","decl":{"start":{"line":6,"column":10},"end":{"line":6,"column":33}},"loc":{"start":{"line":6,"column":55},"end":{"line":14,"column":null}}},"1":{"name":"(anonymous_10)","decl":{"start":{"line":17,"column":10},"end":{"line":17,"column":27}},"loc":{"start":{"line":17,"column":75},"end":{"line":23,"column":null}}},"2":{"name":"(anonymous_12)","decl":{"start":{"line":31,"column":10},"end":{"line":31,"column":21}},"loc":{"start":{"line":31,"column":59},"end":{"line":44,"column":null}}},"3":{"name":"(anonymous_14)","decl":{"start":{"line":46,"column":12},"end":{"line":46,"column":35}},"loc":{"start":{"line":46,"column":67},"end":{"line":58,"column":5}}}},"branchMap":{"0":{"loc":{"start":{"line":37,"column":8},"end":{"line":39,"column":null}},"type":"if","locations":[{"start":{"line":37,"column":8},"end":{"line":39,"column":null}}]},"1":{"loc":{"start":{"line":37,"column":12},"end":{"line":37,"column":49}},"type":"binary-expr","locations":[{"start":{"line":37,"column":12},"end":{"line":37,"column":29}},{"start":{"line":37,"column":33},"end":{"line":37,"column":49}}]},"2":{"loc":{"start":{"line":48,"column":8},"end":{"line":48,"column":null}},"type":"if","locations":[{"start":{"line":48,"column":8},"end":{"line":48,"column":null}}]},"3":{"loc":{"start":{"line":49,"column":8},"end":{"line":49,"column":null}},"type":"if","locations":[{"start":{"line":49,"column":8},"end":{"line":49,"column":null}}]},"4":{"loc":{"start":{"line":52,"column":8},"end":{"line":55,"column":null}},"type":"if","locations":[{"start":{"line":52,"column":8},"end":{"line":55,"column":null}}]},"5":{"loc":{"start":{"line":52,"column":12},"end":{"line":53,"column":53}},"type":"binary-expr","locations":[{"start":{"line":52,"column":12},"end":{"line":52,"column":49}},{"start":{"line":53,"column":16},"end":{"line":53,"column":53}}]}},"s":{"0":2,"1":2,"2":4,"3":4,"4":4,"5":0,"6":4,"7":4,"8":4,"9":10,"10":10,"11":10,"12":5,"13":5,"14":5,"15":5,"16":10,"17":1,"18":9,"19":2,"20":7,"21":2,"22":5,"23":2},"f":{"0":4,"1":4,"2":10,"3":10},"b":{"0":[5],"1":[10,5],"2":[1],"3":[2],"4":[2],"5":[7,5]}}
,"/Users/brandonman/Documents/Github/aegis_mvp_board/server/controllers/userController.ts": {"path":"/Users/brandonman/Documents/Github/aegis_mvp_board/server/controllers/userController.ts","statementMap":{"0":{"start":{"line":1,"column":0},"end":{"line":1,"column":48}},"1":{"start":{"line":2,"column":0},"end":{"line":2,"column":53}},"2":{"start":{"line":10,"column":27},"end":{"line":10,"column":82}},"3":{"start":{"line":13,"column":8},"end":{"line":15,"column":null}},"4":{"start":{"line":14,"column":12},"end":{"line":14,"column":null}},"5":{"start":{"line":16,"column":8},"end":{"line":16,"column":null}},"6":{"start":{"line":23,"column":8},"end":{"line":23,"column":null}},"7":{"start":{"line":24,"column":8},"end":{"line":24,"column":null}},"8":{"start":{"line":25,"column":8},"end":{"line":25,"column":null}},"9":{"start":{"line":26,"column":8},"end":{"line":26,"column":null}},"10":{"start":{"line":27,"column":8},"end":{"line":27,"column":null}},"11":{"start":{"line":28,"column":8},"end":{"line":28,"column":null}},"12":{"start":{"line":33,"column":8},"end":{"line":33,"column":null}},"13":{"start":{"line":37,"column":19},"end":{"line":37,"column":51}},"14":{"start":{"line":38,"column":8},"end":{"line":39,"column":null}},"15":{"start":{"line":38,"column":27},"end":{"line":39,"column":null}},"16":{"start":{"line":40,"column":8},"end":{"line":40,"column":null}},"17":{"start":{"line":49,"column":19},"end":{"line":49,"column":65}},"18":{"start":{"line":50,"column":8},"end":{"line":52,"column":null}},"19":{"start":{"line":51,"column":12},"end":{"line":51,"column":null}},"20":{"start":{"line":53,"column":18},"end":{"line":53,"column":51}},"21":{"start":{"line":54,"column":8},"end":{"line":54,"column":null}},"22":{"start":{"line":59,"column":21},"end":{"line":59,"column":68}},"23":{"start":{"line":60,"column":8},"end":{"line":60,"column":null}},"24":{"start":{"line":60,"column":19},"end":{"line":60,"column":null}},"25":{"start":{"line":61,"column":8},"end":{"line":61,"column":null}},"26":{"start":{"line":65,"column":20},"end":{"line":65,"column":84}},"27":{"start":{"line":66,"column":19},"end":{"line":66,"column":21}},"28":{"start":{"line":67,"column":8},"end":{"line":69,"column":null}},"29":{"start":{"line":67,"column":19},"end":{"line":67,"column":20}},"30":{"start":{"line":68,"column":12},"end":{"line":68,"column":75}},"31":{"start":{"line":70,"column":8},"end":{"line":70,"column":null}},"32":{"start":{"line":5,"column":0},"end":{"line":5,"column":21}}},"fnMap":{"0":{"name":"(anonymous_14)","decl":{"start":{"line":9,"column":10},"end":{"line":9,"column":27}},"loc":{"start":{"line":9,"column":39},"end":{"line":18,"column":null}}},"1":{"name":"(anonymous_16)","decl":{"start":{"line":21,"column":18},"end":{"line":21,"column":35}},"loc":{"start":{"line":21,"column":47},"end":{"line":29,"column":null}}},"2":{"name":"(anonymous_18)","decl":{"start":{"line":32,"column":12},"end":{"line":32,"column":27}},"loc":{"start":{"line":32,"column":68},"end":{"line":34,"column":5}}},"3":{"name":"(anonymous_19)","decl":{"start":{"line":36,"column":10},"end":{"line":36,"column":27}},"loc":{"start":{"line":36,"column":45},"end":{"line":41,"column":null}}},"4":{"name":"(anonymous_21)","decl":{"start":{"line":48,"column":10},"end":{"line":48,"column":21}},"loc":{"start":{"line":48,"column":39},"end":{"line":55,"column":null}}},"5":{"name":"(anonymous_23)","decl":{"start":{"line":58,"column":10},"end":{"line":58,"column":31}},"loc":{"start":{"line":58,"column":49},"end":{"line":62,"column":null}}},"6":{"name":"(anonymous_25)","decl":{"start":{"line":64,"column":12},"end":{"line":64,"column":24}},"loc":{"start":{"line":64,"column":39},"end":{"line":71,"column":5}}}},"branchMap":{"0":{"loc":{"start":{"line":13,"column":8},"end":{"line":15,"column":null}},"type":"if","locations":[{"start":{"line":13,"column":8},"end":{"line":15,"column":null}}]},"1":{"loc":{"start":{"line":38,"column":8},"end":{"line":39,"column":null}},"type":"if","locations":[{"start":{"line":38,"column":8},"end":{"line":39,"column":null}}]},"2":{"loc":{"start":{"line":50,"column":8},"end":{"line":52,"column":null}},"type":"if","locations":[{"start":{"line":50,"column":8},"end":{"line":52,"column":null}}]},"3":{"loc":{"start":{"line":60,"column":8},"end":{"line":60,"column":null}},"type":"if","locations":[{"start":{"line":60,"column":8},"end":{"line":60,"column":null}}]},"4":{"loc":{"start":{"line":64,"column":25},"end":{"line":64,"column":39}},"type":"default-arg","locations":[{"start":{"line":64,"column":38},"end":{"line":64,"column":39}}]}},"s":{"0":2,"1":2,"2":6,"3":6,"4":3,"5":3,"6":3,"7":3,"8":3,"9":3,"10":3,"11":3,"12":3,"13":2,"14":2,"15":1,"16":1,"17":4,"18":4,"19":2,"20":2,"21":2,"22":2,"23":2,"24":1,"25":1,"26":3,"27":3,"28":3,"29":3,"30":24,"31":3,"32":2},"f":{"0":6,"1":3,"2":3,"3":2,"4":4,"5":2,"6":3},"b":{"0":[3],"1":[1],"2":[2],"3":[1],"4":[3]}}
,"/Users/brandonman/Documents/Github/aegis_mvp_board/server/models/DefiData.ts": {"path":"/Users/brandonman/Documents/Github/aegis_mvp_board/server/models/DefiData.ts","statementMap":{"0":{"start":{"line":1,"column":0},"end":{"line":1,"column":46}},"1":{"start":{"line":9,"column":23},"end":{"line":12,"column":2}},"2":{"start":{"line":14,"column":22},"end":{"line":14,"column":70}},"3":{"start":{"line":15,"column":0},"end":{"line":15,"column":29}}},"fnMap":{},"branchMap":{},"s":{"0":1,"1":1,"2":1,"3":1},"f":{},"b":{}}
,"/Users/brandonman/Documents/Github/aegis_mvp_board/server/models/EpochCount.ts": {"path":"/Users/brandonman/Documents/Github/aegis_mvp_board/server/models/EpochCount.ts","statementMap":{"0":{"start":{"line":1,"column":0},"end":{"line":1,"column":44}},"1":{"start":{"line":7,"column":25},"end":{"line":9,"column":2}},"2":{"start":{"line":11,"column":24},"end":{"line":11,"column":77}},"3":{"start":{"line":12,"column":0},"end":{"line":12,"column":31}}},"fnMap":{},"branchMap":{},"s":{"0":1,"1":1,"2":1,"3":1},"f":{},"b":{}}
,"/Users/brandonman/Documents/Github/aegis_mvp_board/server/models/Protocols.ts": {"path":"/Users/brandonman/Documents/Github/aegis_mvp_board/server/models/Protocols.ts","statementMap":{"0":{"start":{"line":1,"column":0},"end":{"line":1,"column":46}},"1":{"start":{"line":10,"column":23},"end":{"line":15,"column":2}},"2":{"start":{"line":19,"column":22},"end":{"line":19,"column":76}},"3":{"start":{"line":20,"column":0},"end":{"line":20,"column":29}}},"fnMap":{},"branchMap":{},"s":{"0":3,"1":3,"2":3,"3":3},"f":{},"b":{}}
,"/Users/brandonman/Documents/Github/aegis_mvp_board/server/models/dbInterface/userDbInterface.ts": {"path":"/Users/brandonman/Documents/Github/aegis_mvp_board/server/models/dbInterface/userDbInterface.ts","statementMap":{"0":{"start":{"line":2,"column":0},"end":{"line":2,"column":46}},"1":{"start":{"line":3,"column":0},"end":{"line":3,"column":63}},"2":{"start":{"line":9,"column":8},"end":{"line":9,"column":null}},"3":{"start":{"line":19,"column":21},"end":{"line":19,"column":55}},"4":{"start":{"line":20,"column":8},"end":{"line":22,"column":null}},"5":{"start":{"line":21,"column":12},"end":{"line":21,"column":null}},"6":{"start":{"line":23,"column":18},"end":{"line":23,"column":51}},"7":{"start":{"line":24,"column":8},"end":{"line":24,"column":null}},"8":{"start":{"line":33,"column":25},"end":{"line":34,"column":62}},"9":{"start":{"line":35,"column":8},"end":{"line":37,"column":null}},"10":{"start":{"line":36,"column":12},"end":{"line":36,"column":null}},"11":{"start":{"line":38,"column":8},"end":{"line":38,"column":null}},"12":{"start":{"line":39,"column":8},"end":{"line":39,"column":null}},"13":{"start":{"line":40,"column":8},"end":{"line":40,"column":null}},"14":{"start":{"line":49,"column":24},"end":{"line":51,"column":10}},"15":{"start":{"line":52,"column":8},"end":{"line":54,"column":null}},"16":{"start":{"line":53,"column":12},"end":{"line":53,"column":null}},"17":{"start":{"line":57,"column":8},"end":{"line":57,"column":null}},"18":{"start":{"line":64,"column":24},"end":{"line":70,"column":10}},"19":{"start":{"line":71,"column":8},"end":{"line":71,"column":null}},"20":{"start":{"line":5,"column":0},"end":{"line":5,"column":21}}},"fnMap":{"0":{"name":"(anonymous_14)","decl":{"start":{"line":8,"column":4},"end":{"line":8,"column":16}},"loc":{"start":{"line":8,"column":43},"end":{"line":10,"column":5}}},"1":{"name":"(anonymous_15)","decl":{"start":{"line":18,"column":10},"end":{"line":18,"column":18}},"loc":{"start":{"line":18,"column":37},"end":{"line":25,"column":null}}},"2":{"name":"(anonymous_17)","decl":{"start":{"line":31,"column":10},"end":{"line":31,"column":27}},"loc":{"start":{"line":31,"column":39},"end":{"line":41,"column":null}}},"3":{"name":"(anonymous_19)","decl":{"start":{"line":43,"column":10},"end":{"line":43,"column":21}},"loc":{"start":{"line":43,"column":32},"end":{"line":45,"column":null}}},"4":{"name":"(anonymous_21)","decl":{"start":{"line":47,"column":10},"end":{"line":47,"column":20}},"loc":{"start":{"line":47,"column":32},"end":{"line":58,"column":null}}},"5":{"name":"(anonymous_23)","decl":{"start":{"line":63,"column":10},"end":{"line":63,"column":33}},"loc":{"start":{"line":63,"column":47},"end":{"line":72,"column":null}}}},"branchMap":{"0":{"loc":{"start":{"line":20,"column":8},"end":{"line":22,"column":null}},"type":"if","locations":[{"start":{"line":20,"column":8},"end":{"line":22,"column":null}}]},"1":{"loc":{"start":{"line":35,"column":8},"end":{"line":37,"column":null}},"type":"if","locations":[{"start":{"line":35,"column":8},"end":{"line":37,"column":null}}]},"2":{"loc":{"start":{"line":52,"column":8},"end":{"line":54,"column":null}},"type":"if","locations":[{"start":{"line":52,"column":8},"end":{"line":54,"column":null}}]}},"s":{"0":1,"1":1,"2":5,"3":2,"4":2,"5":1,"6":1,"7":1,"8":4,"9":4,"10":1,"11":3,"12":3,"13":3,"14":0,"15":0,"16":0,"17":0,"18":0,"19":0,"20":1},"f":{"0":5,"1":2,"2":4,"3":0,"4":0,"5":0},"b":{"0":[1],"1":[1],"2":[0]}}
,"/Users/brandonman/Documents/Github/aegis_mvp_board/server/models/user/User.ts": {"path":"/Users/brandonman/Documents/Github/aegis_mvp_board/server/models/user/User.ts","statementMap":{"0":{"start":{"line":3,"column":8},"end":{"line":3,"column":25}},"1":{"start":{"line":11,"column":8},"end":{"line":11,"column":null}},"2":{"start":{"line":12,"column":8},"end":{"line":16,"column":null}},"3":{"start":{"line":13,"column":12},"end":{"line":13,"column":null}},"4":{"start":{"line":15,"column":12},"end":{"line":15,"column":null}},"5":{"start":{"line":20,"column":28},"end":{"line":20,"column":48}},"6":{"start":{"line":21,"column":21},"end":{"line":21,"column":37}},"7":{"start":{"line":22,"column":8},"end":{"line":22,"column":null}},"8":{"start":{"line":26,"column":8},"end":{"line":26,"column":null}},"9":{"start":{"line":30,"column":8},"end":{"line":30,"column":null}},"10":{"start":{"line":32,"column":23},"end":{"line":32,"column":36}},"11":{"start":{"line":34,"column":23},"end":{"line":34,"column":67}},"12":{"start":{"line":197,"column":30},"end":{"line":197,"column":36}},"13":{"start":{"line":40,"column":8},"end":{"line":40,"column":null}},"14":{"start":{"line":41,"column":8},"end":{"line":42,"column":null}},"15":{"start":{"line":41,"column":35},"end":{"line":41,"column":58}},"16":{"start":{"line":42,"column":14},"end":{"line":42,"column":47}},"17":{"start":{"line":44,"column":23},"end":{"line":44,"column":35}},"18":{"start":{"line":45,"column":23},"end":{"line":45,"column":48}},"19":{"start":{"line":197,"column":18},"end":{"line":197,"column":28}},"20":{"start":{"line":66,"column":12},"end":{"line":66,"column":null}},"21":{"start":{"line":67,"column":12},"end":{"line":67,"column":null}},"22":{"start":{"line":69,"column":12},"end":{"line":73,"column":null}},"23":{"start":{"line":70,"column":16},"end":{"line":70,"column":null}},"24":{"start":{"line":72,"column":16},"end":{"line":72,"column":null}},"25":{"start":{"line":75,"column":12},"end":{"line":79,"column":null}},"26":{"start":{"line":76,"column":16},"end":{"line":76,"column":null}},"27":{"start":{"line":78,"column":16},"end":{"line":78,"column":null}},"28":{"start":{"line":81,"column":12},"end":{"line":85,"column":null}},"29":{"start":{"line":82,"column":16},"end":{"line":82,"column":null}},"30":{"start":{"line":84,"column":16},"end":{"line":84,"column":null}},"31":{"start":{"line":89,"column":24},"end":{"line":89,"column":37}},"32":{"start":{"line":90,"column":23},"end":{"line":90,"column":65}},"33":{"start":{"line":96,"column":30},"end":{"line":96,"column":61}},"34":{"start":{"line":98,"column":19},"end":{"line":100,"column":53}},"35":{"start":{"line":102,"column":8},"end":{"line":102,"column":null}},"36":{"start":{"line":107,"column":8},"end":{"line":109,"column":null}},"37":{"start":{"line":108,"column":12},"end":{"line":108,"column":null}},"38":{"start":{"line":111,"column":30},"end":{"line":114,"column":10}},"39":{"start":{"line":113,"column":45},"end":{"line":113,"column":71}},"40":{"start":{"line":115,"column":8},"end":{"line":117,"column":null}},"41":{"start":{"line":121,"column":8},"end":{"line":121,"column":null}},"42":{"start":{"line":125,"column":8},"end":{"line":125,"column":null}},"43":{"start":{"line":129,"column":8},"end":{"line":131,"column":null}},"44":{"start":{"line":130,"column":12},"end":{"line":130,"column":null}},"45":{"start":{"line":132,"column":8},"end":{"line":132,"column":null}},"46":{"start":{"line":133,"column":8},"end":{"line":133,"column":null}},"47":{"start":{"line":137,"column":8},"end":{"line":137,"column":null}},"48":{"start":{"line":142,"column":8},"end":{"line":142,"column":null}},"49":{"start":{"line":146,"column":8},"end":{"line":146,"column":null}},"50":{"start":{"line":151,"column":8},"end":{"line":157,"column":14}},"51":{"start":{"line":154,"column":16},"end":{"line":154,"column":null}},"52":{"start":{"line":155,"column":16},"end":{"line":155,"column":null}},"53":{"start":{"line":158,"column":8},"end":{"line":158,"column":null}},"54":{"start":{"line":162,"column":35},"end":{"line":162,"column":60}},"55":{"start":{"line":163,"column":8},"end":{"line":167,"column":null}},"56":{"start":{"line":165,"column":16},"end":{"line":165,"column":null}},"57":{"start":{"line":168,"column":8},"end":{"line":168,"column":null}},"58":{"start":{"line":172,"column":38},"end":{"line":172,"column":68}},"59":{"start":{"line":173,"column":25},"end":{"line":178,"column":null}},"60":{"start":{"line":179,"column":8},"end":{"line":179,"column":null}},"61":{"start":{"line":52,"column":0},"end":{"line":52,"column":21}},"62":{"start":{"line":189,"column":8},"end":{"line":189,"column":null}},"63":{"start":{"line":190,"column":8},"end":{"line":190,"column":null}},"64":{"start":{"line":193,"column":24},"end":{"line":193,"column":36}},"65":{"start":{"line":194,"column":31},"end":{"line":194,"column":56}},"66":{"start":{"line":197,"column":8},"end":{"line":197,"column":16}}},"fnMap":{"0":{"name":"(anonymous_0)","decl":{"start":{"line":10,"column":4},"end":{"line":10,"column":16}},"loc":{"start":{"line":10,"column":48},"end":{"line":17,"column":5}}},"1":{"name":"(anonymous_1)","decl":{"start":{"line":19,"column":4},"end":{"line":19,"column":10}},"loc":{"start":{"line":19,"column":37},"end":{"line":23,"column":5}}},"2":{"name":"(anonymous_2)","decl":{"start":{"line":25,"column":4},"end":{"line":25,"column":10}},"loc":{"start":{"line":25,"column":39},"end":{"line":27,"column":5}}},"3":{"name":"(anonymous_3)","decl":{"start":{"line":29,"column":4},"end":{"line":29,"column":19}},"loc":{"start":{"line":29,"column":19},"end":{"line":31,"column":5}}},"4":{"name":"(anonymous_4)","decl":{"start":{"line":32,"column":4},"end":{"line":32,"column":10}},"loc":{"start":{"line":32,"column":10},"end":{"line":32,"column":36}}},"5":{"name":"(anonymous_5)","decl":{"start":{"line":34,"column":4},"end":{"line":34,"column":19}},"loc":{"start":{"line":34,"column":19},"end":{"line":34,"column":67}}},"6":{"name":"(anonymous_6)","decl":{"start":{"line":39,"column":4},"end":{"line":39,"column":16}},"loc":{"start":{"line":39,"column":38},"end":{"line":43,"column":5}}},"7":{"name":"(anonymous_7)","decl":{"start":{"line":44,"column":4},"end":{"line":44,"column":10}},"loc":{"start":{"line":44,"column":10},"end":{"line":44,"column":35}}},"8":{"name":"(anonymous_8)","decl":{"start":{"line":45,"column":4},"end":{"line":45,"column":19}},"loc":{"start":{"line":45,"column":19},"end":{"line":45,"column":48}}},"9":{"name":"(anonymous_9)","decl":{"start":{"line":60,"column":4},"end":{"line":60,"column":null}},"loc":{"start":{"line":65,"column":46},"end":{"line":87,"column":5}}},"10":{"name":"(anonymous_10)","decl":{"start":{"line":89,"column":4},"end":{"line":89,"column":10}},"loc":{"start":{"line":89,"column":10},"end":{"line":89,"column":38}}},"11":{"name":"(anonymous_11)","decl":{"start":{"line":90,"column":4},"end":{"line":90,"column":19}},"loc":{"start":{"line":90,"column":19},"end":{"line":90,"column":65}}},"12":{"name":"(anonymous_12)","decl":{"start":{"line":95,"column":4},"end":{"line":95,"column":10}},"loc":{"start":{"line":95,"column":44},"end":{"line":103,"column":5}}},"13":{"name":"(anonymous_13)","decl":{"start":{"line":106,"column":4},"end":{"line":106,"column":10}},"loc":{"start":{"line":106,"column":64},"end":{"line":118,"column":5}}},"14":{"name":"(anonymous_14)","decl":{"start":{"line":113,"column":13},"end":{"line":113,"column":14}},"loc":{"start":{"line":113,"column":45},"end":{"line":113,"column":71}}},"15":{"name":"(anonymous_15)","decl":{"start":{"line":120,"column":4},"end":{"line":120,"column":19}},"loc":{"start":{"line":120,"column":19},"end":{"line":122,"column":5}}},"16":{"name":"(anonymous_16)","decl":{"start":{"line":124,"column":4},"end":{"line":124,"column":24}},"loc":{"start":{"line":124,"column":24},"end":{"line":126,"column":5}}},"17":{"name":"(anonymous_17)","decl":{"start":{"line":128,"column":4},"end":{"line":128,"column":21}},"loc":{"start":{"line":128,"column":56},"end":{"line":134,"column":5}}},"18":{"name":"(anonymous_18)","decl":{"start":{"line":136,"column":4},"end":{"line":136,"column":27}},"loc":{"start":{"line":136,"column":82},"end":{"line":138,"column":5}}},"19":{"name":"(anonymous_19)","decl":{"start":{"line":141,"column":4},"end":{"line":141,"column":21}},"loc":{"start":{"line":141,"column":21},"end":{"line":143,"column":5}}},"20":{"name":"(anonymous_20)","decl":{"start":{"line":145,"column":4},"end":{"line":145,"column":26}},"loc":{"start":{"line":145,"column":44},"end":{"line":147,"column":5}}},"21":{"name":"(anonymous_21)","decl":{"start":{"line":149,"column":4},"end":{"line":149,"column":27}},"loc":{"start":{"line":149,"column":27},"end":{"line":159,"column":5}}},"22":{"name":"(anonymous_22)","decl":{"start":{"line":151,"column":48},"end":{"line":151,"column":49}},"loc":{"start":{"line":152,"column":74},"end":{"line":157,"column":9}}},"23":{"name":"(anonymous_23)","decl":{"start":{"line":161,"column":4},"end":{"line":161,"column":10}},"loc":{"start":{"line":161,"column":65},"end":{"line":169,"column":5}}},"24":{"name":"(anonymous_24)","decl":{"start":{"line":163,"column":36},"end":{"line":163,"column":37}},"loc":{"start":{"line":163,"column":79},"end":{"line":167,"column":9}}},"25":{"name":"(anonymous_25)","decl":{"start":{"line":171,"column":4},"end":{"line":171,"column":17}},"loc":{"start":{"line":171,"column":17},"end":{"line":180,"column":5}}},"26":{"name":"(anonymous_26)","decl":{"start":{"line":188,"column":4},"end":{"line":188,"column":16}},"loc":{"start":{"line":188,"column":38},"end":{"line":191,"column":5}}},"27":{"name":"(anonymous_27)","decl":{"start":{"line":193,"column":4},"end":{"line":193,"column":10}},"loc":{"start":{"line":193,"column":10},"end":{"line":193,"column":36}}},"28":{"name":"(anonymous_28)","decl":{"start":{"line":194,"column":4},"end":{"line":194,"column":19}},"loc":{"start":{"line":194,"column":19},"end":{"line":194,"column":56}}}},"branchMap":{"0":{"loc":{"start":{"line":12,"column":8},"end":{"line":16,"column":null}},"type":"if","locations":[{"start":{"line":12,"column":8},"end":{"line":16,"column":null}},{"start":{"line":14,"column":13},"end":{"line":16,"column":null}}]},"1":{"loc":{"start":{"line":20,"column":28},"end":{"line":20,"column":48}},"type":"binary-expr","locations":[{"start":{"line":20,"column":28},"end":{"line":20,"column":42}},{"start":{"line":20,"column":46},"end":{"line":20,"column":48}}]},"2":{"loc":{"start":{"line":41,"column":8},"end":{"line":42,"column":null}},"type":"if","locations":[{"start":{"line":41,"column":8},"end":{"line":42,"column":null}},{"start":{"line":42,"column":12},"end":{"line":42,"column":null}}]},"3":{"loc":{"start":{"line":69,"column":12},"end":{"line":73,"column":null}},"type":"if","locations":[{"start":{"line":69,"column":12},"end":{"line":73,"column":null}},{"start":{"line":71,"column":17},"end":{"line":73,"column":null}}]},"4":{"loc":{"start":{"line":75,"column":12},"end":{"line":79,"column":null}},"type":"if","locations":[{"start":{"line":75,"column":12},"end":{"line":79,"column":null}},{"start":{"line":77,"column":17},"end":{"line":79,"column":null}}]},"5":{"loc":{"start":{"line":81,"column":12},"end":{"line":85,"column":null}},"type":"if","locations":[{"start":{"line":81,"column":12},"end":{"line":85,"column":null}},{"start":{"line":83,"column":17},"end":{"line":85,"column":null}}]},"6":{"loc":{"start":{"line":107,"column":8},"end":{"line":109,"column":null}},"type":"if","locations":[{"start":{"line":107,"column":8},"end":{"line":109,"column":null}}]},"7":{"loc":{"start":{"line":129,"column":8},"end":{"line":131,"column":null}},"type":"if","locations":[{"start":{"line":129,"column":8},"end":{"line":131,"column":null}}]},"8":{"loc":{"start":{"line":190,"column":28},"end":{"line":190,"column":46}},"type":"binary-expr","locations":[{"start":{"line":190,"column":28},"end":{"line":190,"column":40}},{"start":{"line":190,"column":44},"end":{"line":190,"column":46}}]}},"s":{"0":8,"1":18,"2":18,"3":0,"4":18,"5":2,"6":2,"7":2,"8":2,"9":5,"10":2,"11":0,"12":8,"13":1,"14":1,"15":1,"16":0,"17":1,"18":0,"19":8,"20":90,"21":90,"22":90,"23":15,"24":75,"25":90,"26":88,"27":2,"28":90,"29":70,"30":20,"31":18,"32":0,"33":5,"34":5,"35":5,"36":17,"37":4,"38":13,"39":0,"40":13,"41":8,"42":5,"43":6,"44":0,"45":6,"46":6,"47":5,"48":2,"49":2,"50":58,"51":5,"52":5,"53":58,"54":0,"55":0,"56":0,"57":0,"58":57,"59":57,"60":57,"61":8,"62":8,"63":8,"64":7,"65":1,"66":8},"f":{"0":18,"1":2,"2":2,"3":5,"4":2,"5":0,"6":1,"7":1,"8":0,"9":90,"10":18,"11":0,"12":5,"13":17,"14":0,"15":8,"16":5,"17":6,"18":5,"19":2,"20":2,"21":58,"22":5,"23":0,"24":0,"25":57,"26":8,"27":7,"28":1},"b":{"0":[0,18],"1":[2,2],"2":[1,0],"3":[15,75],"4":[88,2],"5":[70,20],"6":[4],"7":[0],"8":[8,6]}}
,"/Users/brandonman/Documents/Github/aegis_mvp_board/server/models/user/UserModel.ts": {"path":"/Users/brandonman/Documents/Github/aegis_mvp_board/server/models/user/UserModel.ts","statementMap":{"0":{"start":{"line":1,"column":0},"end":{"line":1,"column":46}},"1":{"start":{"line":20,"column":21},"end":{"line":23,"column":2}},"2":{"start":{"line":25,"column":23},"end":{"line":27,"column":2}},"3":{"start":{"line":29,"column":19},"end":{"line":35,"column":2}},"4":{"start":{"line":41,"column":18},"end":{"line":41,"column":59}},"5":{"start":{"line":42,"column":20},"end":{"line":42,"column":67}},"6":{"start":{"line":46,"column":9},"end":{"line":46,"column":20}},"7":{"start":{"line":43,"column":22},"end":{"line":43,"column":78}},"8":{"start":{"line":46,"column":22},"end":{"line":46,"column":35}},"9":{"start":{"line":45,"column":0},"end":{"line":45,"column":25}}},"fnMap":{},"branchMap":{},"s":{"0":8,"1":8,"2":8,"3":8,"4":8,"5":8,"6":8,"7":8,"8":8,"9":8},"f":{},"b":{}}
,"/Users/brandonman/Documents/Github/aegis_mvp_board/server/routes/defiData.ts": {"path":"/Users/brandonman/Documents/Github/aegis_mvp_board/server/routes/defiData.ts","statementMap":{"0":{"start":{"line":5,"column":0},"end":{"line":5,"column":53}},"1":{"start":{"line":6,"column":0},"end":{"line":6,"column":47}},"2":{"start":{"line":9,"column":15},"end":{"line":9,"column":31}},"3":{"start":{"line":15,"column":0},"end":{"line":23,"column":3}},"4":{"start":{"line":15,"column":54},"end":{"line":23,"column":2}},"5":{"start":{"line":16,"column":4},"end":{"line":21,"column":null}},"6":{"start":{"line":17,"column":25},"end":{"line":17,"column":53}},"7":{"start":{"line":18,"column":8},"end":{"line":18,"column":null}},"8":{"start":{"line":20,"column":8},"end":{"line":20,"column":null}},"9":{"start":{"line":27,"column":0},"end":{"line":27,"column":null}}},"fnMap":{"0":{"name":"(anonymous_8)","decl":{"start":{"line":15,"column":16},"end":{"line":15,"column":23}},"loc":{"start":{"line":15,"column":54},"end":{"line":23,"column":2}}},"1":{"name":"(anonymous_9)","decl":{"start":{"line":15,"column":54},"end":{"line":15,"column":null}},"loc":{"start":{"line":15,"column":54},"end":{"line":23,"column":1}}}},"branchMap":{},"s":{"0":1,"1":1,"2":1,"3":1,"4":3,"5":3,"6":3,"7":3,"8":0,"9":1},"f":{"0":3,"1":3},"b":{}}
,"/Users/brandonman/Documents/Github/aegis_mvp_board/server/routes/epochCount.ts": {"path":"/Users/brandonman/Documents/Github/aegis_mvp_board/server/routes/epochCount.ts","statementMap":{"0":{"start":{"line":5,"column":0},"end":{"line":5,"column":63}},"1":{"start":{"line":6,"column":0},"end":{"line":6,"column":51}},"2":{"start":{"line":7,"column":15},"end":{"line":7,"column":31}},"3":{"start":{"line":13,"column":0},"end":{"line":21,"column":3}},"4":{"start":{"line":13,"column":54},"end":{"line":21,"column":2}},"5":{"start":{"line":14,"column":4},"end":{"line":19,"column":null}},"6":{"start":{"line":15,"column":27},"end":{"line":15,"column":57}},"7":{"start":{"line":16,"column":8},"end":{"line":16,"column":null}},"8":{"start":{"line":18,"column":8},"end":{"line":18,"column":null}},"9":{"start":{"line":23,"column":0},"end":{"line":23,"column":null}}},"fnMap":{"0":{"name":"(anonymous_8)","decl":{"start":{"line":13,"column":16},"end":{"line":13,"column":23}},"loc":{"start":{"line":13,"column":54},"end":{"line":21,"column":2}}},"1":{"name":"(anonymous_9)","decl":{"start":{"line":13,"column":54},"end":{"line":13,"column":null}},"loc":{"start":{"line":13,"column":54},"end":{"line":21,"column":1}}}},"branchMap":{},"s":{"0":1,"1":1,"2":1,"3":1,"4":2,"5":2,"6":2,"7":2,"8":0,"9":1},"f":{"0":2,"1":2},"b":{}}
,"/Users/brandonman/Documents/Github/aegis_mvp_board/server/routes/protocols.ts": {"path":"/Users/brandonman/Documents/Github/aegis_mvp_board/server/routes/protocols.ts","statementMap":{"0":{"start":{"line":5,"column":0},"end":{"line":5,"column":63}},"1":{"start":{"line":6,"column":0},"end":{"line":6,"column":48}},"2":{"start":{"line":7,"column":15},"end":{"line":7,"column":31}},"3":{"start":{"line":8,"column":0},"end":{"line":8,"column":67}},"4":{"start":{"line":15,"column":0},"end":{"line":23,"column":3}},"5":{"start":{"line":15,"column":54},"end":{"line":23,"column":2}},"6":{"start":{"line":16,"column":29},"end":{"line":16,"column":66}},"7":{"start":{"line":17,"column":4},"end":{"line":22,"column":null}},"8":{"start":{"line":18,"column":27},"end":{"line":18,"column":72}},"9":{"start":{"line":19,"column":8},"end":{"line":19,"column":null}},"10":{"start":{"line":21,"column":8},"end":{"line":21,"column":null}},"11":{"start":{"line":31,"column":0},"end":{"line":39,"column":3}},"12":{"start":{"line":31,"column":55},"end":{"line":39,"column":2}},"13":{"start":{"line":32,"column":29},"end":{"line":32,"column":66}},"14":{"start":{"line":33,"column":4},"end":{"line":38,"column":null}},"15":{"start":{"line":34,"column":28},"end":{"line":34,"column":78}},"16":{"start":{"line":35,"column":8},"end":{"line":35,"column":44}},"17":{"start":{"line":37,"column":8},"end":{"line":37,"column":49}},"18":{"start":{"line":41,"column":0},"end":{"line":41,"column":null}}},"fnMap":{"0":{"name":"(anonymous_8)","decl":{"start":{"line":15,"column":16},"end":{"line":15,"column":23}},"loc":{"start":{"line":15,"column":54},"end":{"line":23,"column":2}}},"1":{"name":"(anonymous_9)","decl":{"start":{"line":15,"column":54},"end":{"line":15,"column":null}},"loc":{"start":{"line":15,"column":54},"end":{"line":23,"column":1}}},"2":{"name":"(anonymous_10)","decl":{"start":{"line":31,"column":17},"end":{"line":31,"column":24}},"loc":{"start":{"line":31,"column":55},"end":{"line":39,"column":2}}},"3":{"name":"(anonymous_11)","decl":{"start":{"line":31,"column":55},"end":{"line":31,"column":null}},"loc":{"start":{"line":31,"column":55},"end":{"line":39,"column":1}}}},"branchMap":{},"s":{"0":1,"1":1,"2":1,"3":1,"4":1,"5":3,"6":3,"7":3,"8":3,"9":3,"10":0,"11":1,"12":10,"13":10,"14":10,"15":10,"16":4,"17":6,"18":1},"f":{"0":3,"1":3,"2":10,"3":10},"b":{}}
,"/Users/brandonman/Documents/Github/aegis_mvp_board/server/routes/ratings.ts": {"path":"/Users/brandonman/Documents/Github/aegis_mvp_board/server/routes/ratings.ts","statementMap":{"0":{"start":{"line":5,"column":0},"end":{"line":5,"column":53}},"1":{"start":{"line":6,"column":0},"end":{"line":6,"column":63}},"2":{"start":{"line":7,"column":0},"end":{"line":7,"column":45}},"3":{"start":{"line":9,"column":15},"end":{"line":9,"column":31}},"4":{"start":{"line":10,"column":25},"end":{"line":10,"column":47}},"5":{"start":{"line":26,"column":0},"end":{"line":39,"column":3}},"6":{"start":{"line":26,"column":74},"end":{"line":39,"column":2}},"7":{"start":{"line":28,"column":34},"end":{"line":28,"column":44}},"8":{"start":{"line":29,"column":37},"end":{"line":29,"column":45}},"9":{"start":{"line":30,"column":23},"end":{"line":30,"column":48}},"10":{"start":{"line":31,"column":23},"end":{"line":31,"column":69}},"11":{"start":{"line":32,"column":4},"end":{"line":37,"column":null}},"12":{"start":{"line":33,"column":23},"end":{"line":33,"column":100}},"13":{"start":{"line":34,"column":8},"end":{"line":34,"column":null}},"14":{"start":{"line":36,"column":8},"end":{"line":36,"column":null}},"15":{"start":{"line":49,"column":0},"end":{"line":53,"column":3}},"16":{"start":{"line":49,"column":87},"end":{"line":53,"column":2}},"17":{"start":{"line":50,"column":49},"end":{"line":50,"column":59}},"18":{"start":{"line":51,"column":19},"end":{"line":51,"column":91}},"19":{"start":{"line":52,"column":4},"end":{"line":52,"column":null}},"20":{"start":{"line":62,"column":0},"end":{"line":66,"column":3}},"21":{"start":{"line":62,"column":54},"end":{"line":66,"column":2}},"22":{"start":{"line":63,"column":35},"end":{"line":63,"column":45}},"23":{"start":{"line":64,"column":19},"end":{"line":64,"column":81}},"24":{"start":{"line":65,"column":4},"end":{"line":65,"column":null}},"25":{"start":{"line":70,"column":0},"end":{"line":70,"column":22}},"26":{"start":{"line":72,"column":0},"end":{"line":72,"column":null}}},"fnMap":{"0":{"name":"(anonymous_8)","decl":{"start":{"line":26,"column":36},"end":{"line":26,"column":43}},"loc":{"start":{"line":26,"column":74},"end":{"line":39,"column":2}}},"1":{"name":"(anonymous_9)","decl":{"start":{"line":26,"column":74},"end":{"line":26,"column":null}},"loc":{"start":{"line":26,"column":74},"end":{"line":39,"column":1}}},"2":{"name":"(anonymous_10)","decl":{"start":{"line":49,"column":49},"end":{"line":49,"column":56}},"loc":{"start":{"line":49,"column":87},"end":{"line":53,"column":2}}},"3":{"name":"(anonymous_11)","decl":{"start":{"line":49,"column":87},"end":{"line":49,"column":null}},"loc":{"start":{"line":49,"column":87},"end":{"line":53,"column":1}}},"4":{"name":"(anonymous_12)","decl":{"start":{"line":62,"column":35},"end":{"line":62,"column":42}},"loc":{"start":{"line":62,"column":54},"end":{"line":66,"column":2}}},"5":{"name":"(anonymous_13)","decl":{"start":{"line":62,"column":54},"end":{"line":62,"column":null}},"loc":{"start":{"line":62,"column":54},"end":{"line":66,"column":1}}}},"branchMap":{},"s":{"0":1,"1":1,"2":1,"3":1,"4":1,"5":1,"6":2,"7":2,"8":2,"9":2,"10":2,"11":2,"12":2,"13":2,"14":0,"15":1,"16":5,"17":5,"18":5,"19":5,"20":1,"21":3,"22":3,"23":3,"24":3,"25":1,"26":1},"f":{"0":2,"1":2,"2":5,"3":5,"4":3,"5":3},"b":{}}
,"/Users/brandonman/Documents/Github/aegis_mvp_board/server/routes/referrals.ts": {"path":"/Users/brandonman/Documents/Github/aegis_mvp_board/server/routes/referrals.ts","statementMap":{"0":{"start":{"line":5,"column":0},"end":{"line":5,"column":53}},"1":{"start":{"line":6,"column":0},"end":{"line":6,"column":67}},"2":{"start":{"line":7,"column":15},"end":{"line":7,"column":31}},"3":{"start":{"line":8,"column":27},"end":{"line":8,"column":51}},"4":{"start":{"line":18,"column":0},"end":{"line":23,"column":3}},"5":{"start":{"line":18,"column":68},"end":{"line":23,"column":2}},"6":{"start":{"line":19,"column":29},"end":{"line":19,"column":39}},"7":{"start":{"line":20,"column":25},"end":{"line":20,"column":33}},"8":{"start":{"line":21,"column":19},"end":{"line":21,"column":85}},"9":{"start":{"line":22,"column":4},"end":{"line":22,"column":null}},"10":{"start":{"line":30,"column":0},"end":{"line":34,"column":3}},"11":{"start":{"line":30,"column":67},"end":{"line":34,"column":2}},"12":{"start":{"line":31,"column":29},"end":{"line":31,"column":39}},"13":{"start":{"line":32,"column":19},"end":{"line":32,"column":81}},"14":{"start":{"line":33,"column":4},"end":{"line":33,"column":null}},"15":{"start":{"line":36,"column":0},"end":{"line":36,"column":22}},"16":{"start":{"line":38,"column":0},"end":{"line":38,"column":null}}},"fnMap":{"0":{"name":"(anonymous_8)","decl":{"start":{"line":18,"column":30},"end":{"line":18,"column":37}},"loc":{"start":{"line":18,"column":68},"end":{"line":23,"column":2}}},"1":{"name":"(anonymous_9)","decl":{"start":{"line":18,"column":68},"end":{"line":18,"column":null}},"loc":{"start":{"line":18,"column":68},"end":{"line":23,"column":1}}},"2":{"name":"(anonymous_10)","decl":{"start":{"line":30,"column":29},"end":{"line":30,"column":36}},"loc":{"start":{"line":30,"column":67},"end":{"line":34,"column":2}}},"3":{"name":"(anonymous_11)","decl":{"start":{"line":30,"column":67},"end":{"line":30,"column":null}},"loc":{"start":{"line":30,"column":67},"end":{"line":34,"column":1}}}},"branchMap":{},"s":{"0":1,"1":1,"2":1,"3":1,"4":1,"5":4,"6":4,"7":4,"8":4,"9":4,"10":1,"11":2,"12":2,"13":2,"14":2,"15":1,"16":1},"f":{"0":4,"1":4,"2":2,"3":2},"b":{}}
,"/Users/brandonman/Documents/Github/aegis_mvp_board/server/routes/user.ts": {"path":"/Users/brandonman/Documents/Github/aegis_mvp_board/server/routes/user.ts","statementMap":{"0":{"start":{"line":10,"column":0},"end":{"line":10,"column":53}},"1":{"start":{"line":11,"column":0},"end":{"line":11,"column":49}},"2":{"start":{"line":12,"column":0},"end":{"line":12,"column":59}},"3":{"start":{"line":13,"column":0},"end":{"line":13,"column":39}},"4":{"start":{"line":21,"column":15},"end":{"line":21,"column":31}},"5":{"start":{"line":23,"column":23},"end":{"line":23,"column":43}},"6":{"start":{"line":28,"column":0},"end":{"line":35,"column":3}},"7":{"start":{"line":28,"column":53},"end":{"line":35,"column":2}},"8":{"start":{"line":29,"column":4},"end":{"line":34,"column":null}},"9":{"start":{"line":30,"column":22},"end":{"line":30,"column":46}},"10":{"start":{"line":31,"column":8},"end":{"line":31,"column":null}},"11":{"start":{"line":33,"column":8},"end":{"line":33,"column":22}},"12":{"start":{"line":47,"column":0},"end":{"line":51,"column":3}},"13":{"start":{"line":47,"column":55},"end":{"line":51,"column":2}},"14":{"start":{"line":48,"column":17},"end":{"line":48,"column":25}},"15":{"start":{"line":49,"column":18},"end":{"line":49,"column":89}},"16":{"start":{"line":50,"column":4},"end":{"line":50,"column":null}},"17":{"start":{"line":54,"column":0},"end":{"line":58,"column":3}},"18":{"start":{"line":54,"column":75},"end":{"line":58,"column":2}},"19":{"start":{"line":55,"column":25},"end":{"line":55,"column":35}},"20":{"start":{"line":56,"column":19},"end":{"line":56,"column":67}},"21":{"start":{"line":57,"column":4},"end":{"line":57,"column":null}},"22":{"start":{"line":65,"column":0},"end":{"line":69,"column":5}},"23":{"start":{"line":65,"column":50},"end":{"line":69,"column":4}},"24":{"start":{"line":66,"column":25},"end":{"line":66,"column":35}},"25":{"start":{"line":67,"column":19},"end":{"line":67,"column":71}},"26":{"start":{"line":68,"column":4},"end":{"line":68,"column":null}},"27":{"start":{"line":72,"column":0},"end":{"line":72,"column":22}},"28":{"start":{"line":74,"column":0},"end":{"line":74,"column":null}}},"fnMap":{"0":{"name":"(anonymous_8)","decl":{"start":{"line":28,"column":16},"end":{"line":28,"column":22}},"loc":{"start":{"line":28,"column":53},"end":{"line":35,"column":2}}},"1":{"name":"(anonymous_9)","decl":{"start":{"line":28,"column":53},"end":{"line":28,"column":null}},"loc":{"start":{"line":28,"column":53},"end":{"line":35,"column":1}}},"2":{"name":"(anonymous_10)","decl":{"start":{"line":47,"column":17},"end":{"line":47,"column":24}},"loc":{"start":{"line":47,"column":55},"end":{"line":51,"column":2}}},"3":{"name":"(anonymous_11)","decl":{"start":{"line":47,"column":55},"end":{"line":47,"column":null}},"loc":{"start":{"line":47,"column":55},"end":{"line":51,"column":1}}},"4":{"name":"(anonymous_12)","decl":{"start":{"line":54,"column":37},"end":{"line":54,"column":44}},"loc":{"start":{"line":54,"column":75},"end":{"line":58,"column":2}}},"5":{"name":"(anonymous_13)","decl":{"start":{"line":54,"column":75},"end":{"line":54,"column":null}},"loc":{"start":{"line":54,"column":75},"end":{"line":58,"column":1}}},"6":{"name":"(anonymous_14)","decl":{"start":{"line":65,"column":31},"end":{"line":65,"column":38}},"loc":{"start":{"line":65,"column":50},"end":{"line":69,"column":4}}},"7":{"name":"(anonymous_15)","decl":{"start":{"line":65,"column":50},"end":{"line":65,"column":null}},"loc":{"start":{"line":65,"column":50},"end":{"line":69,"column":3}}}},"branchMap":{},"s":{"0":1,"1":1,"2":1,"3":1,"4":1,"5":1,"6":1,"7":1,"8":1,"9":1,"10":1,"11":0,"12":1,"13":1,"14":1,"15":1,"16":1,"17":1,"18":2,"19":2,"20":2,"21":2,"22":1,"23":2,"24":2,"25":2,"26":2,"27":1,"28":1},"f":{"0":1,"1":1,"2":1,"3":1,"4":2,"5":2,"6":2,"7":2},"b":{}}
,"/Users/brandonman/Documents/Github/aegis_mvp_board/server/test/setupMongoDb.ts": {"path":"/Users/brandonman/Documents/Github/aegis_mvp_board/server/test/setupMongoDb.ts","statementMap":{"0":{"start":{"line":1,"column":0},"end":{"line":1,"column":38}},"1":{"start":{"line":2,"column":0},"end":{"line":2,"column":58}},"2":{"start":{"line":3,"column":0},"end":{"line":3,"column":32}},"3":{"start":{"line":10,"column":4},"end":{"line":10,"column":51}},"4":{"start":{"line":11,"column":4},"end":{"line":11,"column":62}},"5":{"start":{"line":12,"column":4},"end":{"line":12,"column":49}},"6":{"start":{"line":34,"column":8},"end":{"line":34,"column":13}},"7":{"start":{"line":16,"column":4},"end":{"line":21,"column":null}},"8":{"start":{"line":17,"column":28},"end":{"line":17,"column":70}},"9":{"start":{"line":18,"column":8},"end":{"line":20,"column":null}},"10":{"start":{"line":19,"column":10},"end":{"line":19,"column":null}},"11":{"start":{"line":34,"column":15},"end":{"line":34,"column":23}},"12":{"start":{"line":25,"column":4},"end":{"line":27,"column":null}},"13":{"start":{"line":26,"column":8},"end":{"line":26,"column":26}},"14":{"start":{"line":28,"column":6},"end":{"line":30,"column":null}},"15":{"start":{"line":29,"column":8},"end":{"line":29,"column":33}},"16":{"start":{"line":31,"column":6},"end":{"line":31,"column":null}},"17":{"start":{"line":34,"column":25},"end":{"line":34,"column":30}}},"fnMap":{"0":{"name":"setup","decl":{"start":{"line":8,"column":15},"end":{"line":8,"column":20}},"loc":{"start":{"line":8,"column":20},"end":{"line":13,"column":null}}},"1":{"name":"teardown","decl":{"start":{"line":15,"column":15},"end":{"line":15,"column":23}},"loc":{"start":{"line":15,"column":23},"end":{"line":22,"column":null}}},"2":{"name":"close","decl":{"start":{"line":24,"column":15},"end":{"line":24,"column":20}},"loc":{"start":{"line":24,"column":20},"end":{"line":32,"column":null}}}},"branchMap":{"0":{"loc":{"start":{"line":16,"column":4},"end":{"line":21,"column":null}},"type":"if","locations":[{"start":{"line":16,"column":4},"end":{"line":21,"column":null}}]},"1":{"loc":{"start":{"line":25,"column":4},"end":{"line":27,"column":null}},"type":"if","locations":[{"start":{"line":25,"column":4},"end":{"line":27,"column":null}}]},"2":{"loc":{"start":{"line":28,"column":6},"end":{"line":30,"column":null}},"type":"if","locations":[{"start":{"line":28,"column":6},"end":{"line":30,"column":null}}]}},"s":{"0":5,"1":5,"2":5,"3":5,"4":5,"5":5,"6":5,"7":35,"8":35,"9":35,"10":45,"11":5,"12":5,"13":5,"14":5,"15":5,"16":5,"17":5},"f":{"0":5,"1":35,"2":5},"b":{"0":[35],"1":[5],"2":[5]}}
,"/Users/brandonman/Documents/Github/aegis_mvp_board/server/test/testUtils.ts": {"path":"/Users/brandonman/Documents/Github/aegis_mvp_board/server/test/testUtils.ts","statementMap":{"0":{"start":{"line":1,"column":8},"end":{"line":1,"column":25}},"1":{"start":{"line":5,"column":0},"end":{"line":5,"column":49}},"2":{"start":{"line":10,"column":4},"end":{"line":10,"column":null}},"3":{"start":{"line":11,"column":15},"end":{"line":14,"column":null}},"4":{"start":{"line":16,"column":4},"end":{"line":16,"column":null}},"5":{"start":{"line":42,"column":4},"end":{"line":42,"column":20}},"6":{"start":{"line":20,"column":4},"end":{"line":21,"column":null}},"7":{"start":{"line":21,"column":8},"end":{"line":21,"column":null}},"8":{"start":{"line":22,"column":4},"end":{"line":22,"column":null}},"9":{"start":{"line":26,"column":4},"end":{"line":26,"column":null}},"10":{"start":{"line":42,"column":22},"end":{"line":42,"column":34}},"11":{"start":{"line":30,"column":4},"end":{"line":30,"column":null}},"12":{"start":{"line":42,"column":36},"end":{"line":42,"column":59}},"13":{"start":{"line":33,"column":21},"end":{"line":33,"column":58}},"14":{"start":{"line":42,"column":61},"end":{"line":42,"column":75}},"15":{"start":{"line":37,"column":20},"end":{"line":37,"column":55}},"16":{"start":{"line":38,"column":4},"end":{"line":38,"column":null}},"17":{"start":{"line":43,"column":4},"end":{"line":43,"column":21}}},"fnMap":{"0":{"name":"createUserObject","decl":{"start":{"line":8,"column":9},"end":{"line":8,"column":25}},"loc":{"start":{"line":9,"column":26},"end":{"line":17,"column":1}}},"1":{"name":"checkNumberNull","decl":{"start":{"line":19,"column":9},"end":{"line":19,"column":24}},"loc":{"start":{"line":19,"column":52},"end":{"line":23,"column":1}}},"2":{"name":"createRating","decl":{"start":{"line":25,"column":9},"end":{"line":25,"column":21}},"loc":{"start":{"line":25,"column":53},"end":{"line":27,"column":1}}},"3":{"name":"isEqualWithDocAndObject","decl":{"start":{"line":29,"column":9},"end":{"line":29,"column":32}},"loc":{"start":{"line":29,"column":78},"end":{"line":31,"column":1}}},"4":{"name":"addUserToDatabase","decl":{"start":{"line":36,"column":15},"end":{"line":36,"column":32}},"loc":{"start":{"line":36,"column":44},"end":{"line":39,"column":null}}}},"branchMap":{"0":{"loc":{"start":{"line":20,"column":4},"end":{"line":21,"column":null}},"type":"if","locations":[{"start":{"line":20,"column":4},"end":{"line":21,"column":null}}]}},"s":{"0":7,"1":7,"2":8,"3":8,"4":8,"5":7,"6":8,"7":8,"8":0,"9":18,"10":7,"11":1,"12":7,"13":7,"14":7,"15":49,"16":49,"17":7},"f":{"0":8,"1":8,"2":18,"3":1,"4":49},"b":{"0":[8]}}
,"/Users/brandonman/Documents/Github/aegis_mvp_board/server/test/dependencies/testModel.ts": {"path":"/Users/brandonman/Documents/Github/aegis_mvp_board/server/test/dependencies/testModel.ts","statementMap":{"0":{"start":{"line":1,"column":0},"end":{"line":1,"column":32}},"1":{"start":{"line":2,"column":16},"end":{"line":2,"column":77}},"2":{"start":{"line":3,"column":0},"end":{"line":3,"column":null}}},"fnMap":{},"branchMap":{},"s":{"0":1,"1":1,"2":1},"f":{},"b":{}}
,"/Users/brandonman/Documents/Github/aegis_mvp_board/server/test/routes/setupSupertest.ts": {"path":"/Users/brandonman/Documents/Github/aegis_mvp_board/server/test/routes/setupSupertest.ts","statementMap":{"0":{"start":{"line":1,"column":19},"end":{"line":1,"column":41}},"1":{"start":{"line":2,"column":16},"end":{"line":2,"column":34}},"2":{"start":{"line":6,"column":16},"end":{"line":6,"column":25}},"3":{"start":{"line":7,"column":4},"end":{"line":7,"column":31}},"4":{"start":{"line":8,"column":4},"end":{"line":8,"column":25}},"5":{"start":{"line":9,"column":25},"end":{"line":9,"column":30}},"6":{"start":{"line":10,"column":4},"end":{"line":10,"column":null}},"7":{"start":{"line":11,"column":4},"end":{"line":11,"column":null}},"8":{"start":{"line":5,"column":0},"end":{"line":5,"column":24}}},"fnMap":{"0":{"name":"setupSupertest","decl":{"start":{"line":5,"column":24},"end":{"line":5,"column":38}},"loc":{"start":{"line":5,"column":51},"end":{"line":12,"column":1}}}},"branchMap":{},"s":{"0":3,"1":3,"2":3,"3":3,"4":3,"5":3,"6":3,"7":3,"8":3},"f":{"0":3},"b":{}}
}
