TN:
SF:controllers/protocolController.ts
FN:6,(anonymous_8)
FN:13,(anonymous_9)
FN:17,(anonymous_10)
FN:24,(anonymous_12)
FN:31,(anonymous_14)
FN:32,(anonymous_15)
FN:40,(anonymous_16)
FN:48,(anonymous_17)
FN:65,(anonymous_19)
FN:69,(anonymous_20)
FN:74,(anonymous_21)
FN:80,(anonymous_22)
FNF:12
FNH:12
FNDA:2,(anonymous_8)
FNDA:17,(anonymous_9)
FNDA:7,(anonymous_10)
FNDA:7,(anonymous_12)
FNDA:7,(anonymous_14)
FNDA:15,(anonymous_15)
FNDA:7,(anonymous_16)
FNDA:10,(anonymous_17)
FNDA:1,(anonymous_19)
FNDA:5,(anonymous_20)
FNDA:5,(anonymous_21)
FNDA:1,(anonymous_22)
DA:1,2
DA:6,2
DA:7,2
DA:8,2
DA:10,2
DA:14,17
DA:18,7
DA:19,7
DA:25,7
DA:26,7
DA:27,7
DA:28,7
DA:32,15
DA:37,7
DA:41,7
DA:42,7
DA:43,1
DA:45,7
DA:50,10
DA:54,10
DA:55,9
DA:56,9
DA:57,3
DA:59,1
DA:61,1
DA:62,1
DA:67,1
DA:69,1
DA:70,5
DA:73,1
DA:75,5
DA:77,1
DA:81,1
DA:85,1
DA:86,1
DA:87,1
DA:88,1
DA:89,1
LF:38
LH:38
BRDA:6,0,0,2
BRDA:6,0,1,2
BRDA:42,1,0,1
BRDA:42,2,0,7
BRDA:42,2,1,7
BRDA:54,3,0,9
BRF:6
BRH:6
end_of_record
TN:
SF:controllers/userController.ts
FN:10,(anonymous_13)
FN:31,(anonymous_15)
FN:40,(anonymous_17)
FN:47,(anonymous_19)
FN:54,(anonymous_20)
FN:71,(anonymous_22)
FN:98,(anonymous_24)
FN:113,(anonymous_26)
FN:125,(anonymous_27)
FN:136,(anonymous_29)
FN:151,(anonymous_31)
FN:164,(anonymous_33)
FN:174,generateCode
FNF:13
FNH:12
FNDA:9,(anonymous_13)
FNDA:2,(anonymous_15)
FNDA:3,(anonymous_17)
FNDA:3,(anonymous_19)
FNDA:4,(anonymous_20)
FNDA:5,(anonymous_22)
FNDA:6,(anonymous_24)
FNDA:6,(anonymous_26)
FNDA:2,(anonymous_27)
FNDA:4,(anonymous_29)
FNDA:2,(anonymous_31)
FNDA:2,(anonymous_33)
FNDA:0,generateCode
DA:1,2
DA:3,2
DA:6,2
DA:11,9
DA:12,9
DA:14,9
DA:15,9
DA:16,9
DA:18,3
DA:19,3
DA:21,1
DA:24,3
DA:26,2
DA:33,2
DA:34,2
DA:35,2
DA:36,2
DA:41,3
DA:42,3
DA:48,3
DA:49,1
DA:51,2
DA:55,4
DA:56,4
DA:58,4
DA:60,0
DA:73,5
DA:77,5
DA:78,1
DA:80,4
DA:83,4
DA:84,4
DA:85,1
DA:87,3
DA:88,3
DA:89,3
DA:99,6
DA:102,6
DA:104,6
DA:105,2
DA:107,4
DA:108,4
DA:110,4
DA:115,6
DA:117,5
DA:119,1
DA:122,4
DA:126,2
DA:127,2
DA:128,1
DA:137,4
DA:138,4
DA:139,2
DA:141,2
DA:142,2
DA:153,2
DA:155,2
DA:156,1
DA:158,1
DA:159,1
DA:161,1
DA:165,2
DA:166,2
DA:167,1
DA:175,0
DA:176,0
DA:177,0
DA:178,0
DA:180,0
LF:69
LH:63
BRDA:16,0,0,3
BRDA:16,0,1,1
BRDA:16,0,2,3
BRDA:16,0,3,2
BRDA:17,1,0,9
BRDA:17,1,1,5
BRDA:20,2,0,6
BRDA:20,2,1,4
BRDA:22,3,0,5
BRDA:22,3,1,3
BRDA:48,4,0,1
BRDA:77,5,0,1
BRDA:84,6,0,1
BRDA:104,7,0,2
BRDA:104,8,0,6
BRDA:104,8,1,4
BRDA:115,9,0,1
BRDA:117,10,0,1
BRDA:117,11,0,5
BRDA:117,11,1,4
BRDA:127,12,0,1
BRDA:138,13,0,2
BRDA:155,14,0,1
BRDA:159,15,0,0
BRDA:166,16,0,1
BRDA:174,17,0,0
BRF:26
BRH:24
end_of_record
TN:
SF:models/DefiData.ts
FNF:0
FNH:0
DA:1,2
DA:9,2
DA:14,2
DA:15,2
LF:4
LH:4
BRF:0
BRH:0
end_of_record
TN:
SF:models/Protocols.ts
FNF:0
FNH:0
DA:1,3
DA:10,3
DA:19,3
DA:20,3
LF:4
LH:4
BRF:0
BRH:0
end_of_record
TN:
SF:models/wrappedModelFunctions.ts
FN:4,wrappedFindOne
FNF:1
FNH:1
FNDA:1,wrappedFindOne
DA:5,1
DA:6,1
DA:7,1
DA:9,0
DA:13,1
LF:5
LH:4
BRDA:6,0,0,1
BRF:1
BRH:1
end_of_record
TN:
SF:models/dbInterface/userDbInterface.ts
FN:8,(anonymous_14)
FN:18,(anonymous_15)
FN:31,(anonymous_17)
FN:43,(anonymous_19)
FN:47,(anonymous_21)
FN:63,(anonymous_23)
FNF:6
FNH:3
FNDA:5,(anonymous_14)
FNDA:2,(anonymous_15)
FNDA:4,(anonymous_17)
FNDA:0,(anonymous_19)
FNDA:0,(anonymous_21)
FNDA:0,(anonymous_23)
DA:2,1
DA:3,1
DA:5,1
DA:9,5
DA:19,2
DA:20,2
DA:21,1
DA:23,1
DA:24,1
DA:33,4
DA:35,4
DA:36,1
DA:38,3
DA:39,3
DA:40,3
DA:49,0
DA:52,0
DA:53,0
DA:57,0
DA:64,0
DA:71,0
LF:21
LH:15
BRDA:20,0,0,1
BRDA:35,1,0,1
BRDA:52,2,0,0
BRF:3
BRH:2
end_of_record
TN:
SF:models/user/User.ts
FN:9,(anonymous_0)
FN:18,(anonymous_1)
FN:22,(anonymous_2)
FN:25,(anonymous_3)
FN:29,(anonymous_4)
FN:32,(anonymous_5)
FN:47,(anonymous_6)
FN:76,(anonymous_7)
FN:81,(anonymous_8)
FN:92,(anonymous_9)
FN:99,(anonymous_10)
FN:106,(anonymous_11)
FN:110,(anonymous_12)
FN:114,(anonymous_13)
FN:122,(anonymous_14)
FN:127,(anonymous_15)
FN:131,(anonymous_16)
FN:135,(anonymous_17)
FN:137,(anonymous_18)
FN:147,(anonymous_19)
FN:149,(anonymous_20)
FN:157,(anonymous_21)
FN:172,(anonymous_22)
FN:174,(anonymous_23)
FNF:24
FNH:20
FNDA:13,(anonymous_0)
FNDA:1,(anonymous_1)
FNDA:3,(anonymous_2)
FNDA:0,(anonymous_3)
FNDA:1,(anonymous_4)
FNDA:1,(anonymous_5)
FNDA:83,(anonymous_6)
FNDA:7,(anonymous_7)
FNDA:2,(anonymous_8)
FNDA:9,(anonymous_9)
FNDA:0,(anonymous_10)
FNDA:8,(anonymous_11)
FNDA:5,(anonymous_12)
FNDA:6,(anonymous_13)
FNDA:5,(anonymous_14)
FNDA:2,(anonymous_15)
FNDA:2,(anonymous_16)
FNDA:42,(anonymous_17)
FNDA:3,(anonymous_18)
FNDA:0,(anonymous_19)
FNDA:0,(anonymous_20)
FNDA:41,(anonymous_21)
FNDA:5,(anonymous_22)
FNDA:5,(anonymous_23)
DA:3,4
DA:10,13
DA:11,13
DA:12,0
DA:14,13
DA:19,1
DA:23,3
DA:25,0
DA:30,1
DA:32,1
DA:39,4
DA:53,83
DA:54,83
DA:56,83
DA:57,13
DA:59,70
DA:62,83
DA:63,81
DA:65,2
DA:68,83
DA:69,73
DA:71,10
DA:76,7
DA:82,2
DA:84,2
DA:88,2
DA:93,9
DA:94,1
DA:97,8
DA:99,0
DA:101,8
DA:107,8
DA:111,5
DA:115,6
DA:116,0
DA:118,6
DA:119,6
DA:123,5
DA:128,2
DA:132,2
DA:137,42
DA:140,3
DA:141,3
DA:144,42
DA:148,0
DA:149,0
DA:151,0
DA:154,0
DA:158,41
DA:159,41
DA:165,41
DA:172,5
DA:175,5
DA:179,4
LF:54
LH:46
BRDA:11,0,0,0
BRDA:11,0,1,13
BRDA:56,1,0,13
BRDA:56,1,1,70
BRDA:62,2,0,81
BRDA:62,2,1,2
BRDA:68,3,0,73
BRDA:68,3,1,10
BRDA:93,4,0,1
BRDA:115,5,0,0
BRF:10
BRH:8
end_of_record
TN:
SF:models/user/UserModel.ts
FNF:0
FNH:0
DA:1,3
DA:20,3
DA:25,3
DA:29,3
DA:41,3
DA:42,3
DA:43,3
DA:45,3
DA:46,3
LF:9
LH:9
BRF:0
BRH:0
end_of_record
TN:
SF:routes/defiData.ts
FN:11,(anonymous_8)
FN:11,(anonymous_9)
FNF:2
FNH:2
FNDA:3,(anonymous_8)
FNDA:3,(anonymous_9)
DA:1,1
DA:2,1
DA:5,1
DA:11,3
DA:12,3
DA:13,3
DA:14,3
DA:16,0
DA:44,1
LF:9
LH:8
BRF:0
BRH:0
end_of_record
TN:
SF:routes/protocols.ts
FN:14,(anonymous_8)
FN:14,(anonymous_9)
FN:31,(anonymous_10)
FN:31,(anonymous_11)
FNF:4
FNH:4
FNDA:3,(anonymous_8)
FNDA:3,(anonymous_9)
FNDA:9,(anonymous_10)
FNDA:9,(anonymous_11)
DA:1,1
DA:2,1
DA:3,1
DA:4,1
DA:14,3
DA:15,3
DA:16,3
DA:17,3
DA:18,3
DA:20,0
DA:31,9
DA:32,9
DA:33,9
DA:34,9
DA:35,3
DA:37,6
DA:41,1
LF:17
LH:16
BRF:0
BRH:0
end_of_record
TN:
SF:routes/user.ts
FN:12,(anonymous_8)
FN:12,(anonymous_9)
FN:27,(anonymous_10)
FN:27,(anonymous_11)
FN:76,(anonymous_12)
FN:76,(anonymous_13)
FN:88,(anonymous_14)
FN:88,(anonymous_15)
FN:108,(anonymous_16)
FN:108,(anonymous_17)
FN:128,(anonymous_18)
FN:128,(anonymous_19)
FN:143,(anonymous_20)
FN:143,(anonymous_21)
FN:151,(anonymous_22)
FN:151,(anonymous_23)
FN:169,(anonymous_24)
FN:169,(anonymous_25)
FN:179,(anonymous_26)
FN:179,(anonymous_27)
FNF:20
FNH:12
FNDA:1,(anonymous_8)
FNDA:1,(anonymous_9)
FNDA:0,(anonymous_10)
FNDA:0,(anonymous_11)
FNDA:2,(anonymous_12)
FNDA:2,(anonymous_13)
FNDA:0,(anonymous_14)
FNDA:0,(anonymous_15)
FNDA:0,(anonymous_16)
FNDA:0,(anonymous_17)
FNDA:0,(anonymous_18)
FNDA:0,(anonymous_19)
FNDA:2,(anonymous_20)
FNDA:2,(anonymous_21)
FNDA:2,(anonymous_22)
FNDA:2,(anonymous_23)
FNDA:2,(anonymous_24)
FNDA:2,(anonymous_25)
FNDA:2,(anonymous_26)
FNDA:2,(anonymous_27)
DA:1,1
DA:2,1
DA:3,1
DA:4,1
DA:6,1
DA:7,1
DA:12,1
DA:13,1
DA:14,1
DA:15,1
DA:17,0
DA:27,1
DA:28,0
DA:31,0
DA:32,0
DA:35,0
DA:36,0
DA:37,0
DA:38,0
DA:42,0
DA:43,0
DA:47,0
DA:48,0
DA:52,0
DA:53,0
DA:56,0
DA:58,0
DA:65,0
DA:66,0
DA:76,2
DA:77,2
DA:78,2
DA:79,2
DA:88,1
DA:89,0
DA:90,0
DA:91,0
DA:92,0
DA:93,0
DA:95,0
DA:96,0
DA:97,0
DA:99,0
DA:100,0
DA:102,0
DA:108,1
DA:109,0
DA:110,0
DA:111,0
DA:112,0
DA:113,0
DA:115,0
DA:116,0
DA:117,0
DA:118,0
DA:119,0
DA:128,1
DA:129,0
DA:130,0
DA:131,0
DA:132,0
DA:134,0
DA:135,0
DA:139,0
DA:143,2
DA:144,2
DA:145,2
DA:146,2
DA:151,2
DA:152,2
DA:153,2
DA:154,2
DA:155,1
DA:156,1
DA:157,1
DA:158,1
DA:159,1
DA:160,1
DA:161,0
DA:169,2
DA:170,2
DA:171,2
DA:172,2
DA:179,2
DA:180,2
DA:181,2
DA:182,2
DA:184,1
DA:185,1
DA:188,1
DA:190,1
LF:91
LH:44
BRDA:35,0,0,0
BRDA:35,1,0,0
BRDA:35,1,1,0
BRDA:42,2,0,0
BRDA:42,3,0,0
BRDA:42,3,1,0
BRDA:47,4,0,0
BRDA:47,5,0,0
BRDA:47,5,1,0
BRDA:47,5,2,0
BRDA:52,6,0,0
BRDA:52,7,0,0
BRDA:52,7,1,0
BRDA:52,7,2,0
BRDA:56,8,0,0
BRDA:56,9,0,0
BRDA:56,9,1,0
BRDA:92,10,0,0
BRDA:96,11,0,0
BRDA:112,12,0,0
BRDA:116,13,0,0
BRDA:131,14,0,0
BRDA:154,15,0,1
BRDA:160,16,0,1
BRDA:182,17,0,1
BRF:25
BRH:3
end_of_record
TN:
SF:test/testUtils.ts
FN:4,createUserObject
FN:15,checkNumberNull
FN:21,createRating
FN:25,isEqualWithDocAndObject
FNF:4
FNH:4
FNDA:3,createUserObject
FNDA:3,checkNumberNull
FNDA:18,createRating
FNDA:1,isEqualWithDocAndObject
DA:1,2
DA:6,3
DA:7,3
DA:12,3
DA:16,3
DA:17,3
DA:18,0
DA:22,18
DA:26,1
DA:29,2
DA:31,2
LF:11
LH:10
BRDA:16,0,0,3
BRF:1
BRH:1
end_of_record
TN:
SF:test/dependencies/testModel.ts
FNF:0
FNH:0
DA:1,1
DA:2,1
DA:3,1
LF:3
LH:3
BRF:0
BRH:0
end_of_record
