TN:
SF:controllers/protocolController.ts
FN:6,(anonymous_8)
FN:14,(anonymous_9)
FN:18,(anonymous_10)
FN:25,(anonymous_12)
FN:32,(anonymous_14)
FN:33,(anonymous_15)
FN:41,(anonymous_16)
FN:49,(anonymous_17)
FN:66,(anonymous_19)
FN:70,(anonymous_20)
FN:75,(anonymous_21)
FN:81,(anonymous_22)
FNF:12
FNH:8
FNDA:1,(anonymous_8)
FNDA:5,(anonymous_9)
FNDA:4,(anonymous_10)
FNDA:4,(anonymous_12)
FNDA:4,(anonymous_14)
FNDA:9,(anonymous_15)
FNDA:4,(anonymous_16)
FNDA:1,(anonymous_17)
FNDA:0,(anonymous_19)
FNDA:0,(anonymous_20)
FNDA:0,(anonymous_21)
FNDA:0,(anonymous_22)
DA:1,1
DA:6,1
DA:7,1
DA:8,1
DA:10,1
DA:15,5
DA:19,4
DA:20,4
DA:26,4
DA:27,4
DA:28,4
DA:29,4
DA:33,9
DA:38,4
DA:42,4
DA:43,4
DA:44,1
DA:46,4
DA:51,1
DA:55,1
DA:56,1
DA:57,1
DA:58,1
DA:60,0
DA:62,0
DA:63,0
DA:68,0
DA:70,0
DA:71,0
DA:74,0
DA:76,0
DA:78,0
DA:82,0
DA:86,0
DA:87,0
DA:88,0
DA:89,0
DA:90,0
LF:38
LH:23
BRDA:6,0,0,1
BRDA:6,0,1,1
BRDA:43,1,0,1
BRDA:43,2,0,4
BRDA:43,2,1,4
BRDA:55,3,0,1
BRF:6
BRH:6
end_of_record
TN:
SF:controllers/userController.ts
FN:10,(anonymous_13)
FN:14,(anonymous_14)
FN:34,(anonymous_16)
FN:51,(anonymous_18)
FN:56,(anonymous_20)
FN:63,(anonymous_21)
FN:81,(anonymous_23)
FN:109,(anonymous_25)
FN:123,(anonymous_27)
FN:143,(anonymous_28)
FN:156,(anonymous_30)
FN:169,(anonymous_32)
FN:185,generateCode
FNF:13
FNH:10
FNDA:13,(anonymous_13)
FNDA:4,(anonymous_14)
FNDA:0,(anonymous_16)
FNDA:1,(anonymous_18)
FNDA:2,(anonymous_20)
FNDA:2,(anonymous_21)
FNDA:3,(anonymous_23)
FNDA:3,(anonymous_25)
FNDA:3,(anonymous_27)
FNDA:2,(anonymous_28)
FNDA:2,(anonymous_30)
FNDA:0,(anonymous_32)
FNDA:0,generateCode
DA:1,1
DA:4,1
DA:6,1
DA:11,13
DA:15,4
DA:16,4
DA:18,4
DA:19,4
DA:20,4
DA:22,1
DA:23,1
DA:25,1
DA:27,2
DA:29,0
DA:30,0
DA:36,0
DA:37,0
DA:39,0
DA:48,0
DA:52,1
DA:53,1
DA:57,2
DA:58,1
DA:60,1
DA:64,2
DA:65,2
DA:67,2
DA:69,0
DA:70,0
DA:83,3
DA:87,3
DA:88,1
DA:90,2
DA:94,2
DA:95,2
DA:96,2
DA:97,2
DA:98,0
DA:100,2
DA:110,3
DA:112,3
DA:113,3
DA:114,2
DA:117,1
DA:118,1
DA:119,1
DA:120,1
DA:124,3
DA:125,1
DA:128,2
DA:130,1
DA:133,1
DA:144,2
DA:145,2
DA:146,1
DA:148,1
DA:149,1
DA:158,2
DA:160,2
DA:161,1
DA:163,1
DA:164,1
DA:166,1
DA:170,0
DA:171,0
DA:172,0
DA:175,0
DA:176,0
DA:180,0
DA:186,0
DA:187,0
DA:188,0
DA:189,0
DA:191,0
LF:74
LH:54
BRDA:20,0,0,1
BRDA:20,0,1,1
BRDA:20,0,2,2
BRDA:20,0,3,0
BRDA:21,1,0,4
BRDA:21,1,1,1
BRDA:24,2,0,3
BRDA:24,2,1,3
BRDA:26,3,0,2
BRDA:26,3,1,2
BRDA:36,4,0,0
BRDA:36,4,1,0
BRDA:57,5,0,1
BRDA:87,6,0,1
BRDA:97,7,0,0
BRDA:113,8,0,2
BRDA:124,9,0,1
BRDA:128,10,0,1
BRDA:128,11,0,2
BRDA:128,11,1,1
BRDA:145,12,0,1
BRDA:160,13,0,1
BRDA:164,14,0,0
BRDA:171,15,0,0
BRDA:185,16,0,0
BRF:25
BRH:18
end_of_record
TN:
SF:models/DefiData.ts
FNF:0
FNH:0
DA:1,1
DA:9,1
DA:14,1
DA:15,1
LF:4
LH:4
BRF:0
BRH:0
end_of_record
TN:
SF:models/Protocols.ts
FNF:0
FNH:0
DA:1,2
DA:10,2
DA:19,2
DA:20,2
LF:4
LH:4
BRF:0
BRH:0
end_of_record
TN:
SF:models/wrappedModelFunctions.ts
FN:4,wrappedFindOne
FNF:1
FNH:1
FNDA:1,wrappedFindOne
DA:5,1
DA:6,1
DA:7,1
DA:9,0
DA:13,1
LF:5
LH:4
BRDA:6,0,0,1
BRF:1
BRH:1
end_of_record
TN:
SF:models/user/User.ts
FN:8,(anonymous_0)
FN:17,(anonymous_1)
FN:21,(anonymous_2)
FN:24,(anonymous_3)
FN:28,(anonymous_4)
FN:31,(anonymous_5)
FN:43,(anonymous_6)
FN:71,(anonymous_7)
FN:73,(anonymous_8)
FN:78,(anonymous_9)
FN:86,(anonymous_10)
FN:93,(anonymous_11)
FN:99,(anonymous_12)
FN:103,(anonymous_13)
FN:107,(anonymous_14)
FN:111,(anonymous_15)
FN:115,(anonymous_16)
FN:119,(anonymous_17)
FN:125,(anonymous_18)
FN:129,(anonymous_19)
FN:131,(anonymous_20)
FN:141,(anonymous_21)
FN:143,(anonymous_22)
FN:155,(anonymous_23)
FN:157,(anonymous_24)
FN:165,(anonymous_25)
FN:181,(anonymous_26)
FN:183,(anonymous_27)
FNF:28
FNH:17
FNDA:8,(anonymous_0)
FNDA:1,(anonymous_1)
FNDA:3,(anonymous_2)
FNDA:0,(anonymous_3)
FNDA:1,(anonymous_4)
FNDA:1,(anonymous_5)
FNDA:21,(anonymous_6)
FNDA:0,(anonymous_7)
FNDA:0,(anonymous_8)
FNDA:1,(anonymous_9)
FNDA:0,(anonymous_10)
FNDA:2,(anonymous_11)
FNDA:0,(anonymous_12)
FNDA:0,(anonymous_13)
FNDA:0,(anonymous_14)
FNDA:0,(anonymous_15)
FNDA:0,(anonymous_16)
FNDA:5,(anonymous_17)
FNDA:2,(anonymous_18)
FNDA:17,(anonymous_19)
FNDA:3,(anonymous_20)
FNDA:17,(anonymous_21)
FNDA:2,(anonymous_22)
FNDA:0,(anonymous_23)
FNDA:0,(anonymous_24)
FNDA:16,(anonymous_25)
FNDA:1,(anonymous_26)
FNDA:1,(anonymous_27)
DA:9,8
DA:10,8
DA:11,0
DA:13,8
DA:18,1
DA:22,3
DA:24,0
DA:29,1
DA:31,1
DA:35,2
DA:49,21
DA:50,21
DA:52,21
DA:53,2
DA:55,19
DA:58,21
DA:59,16
DA:61,5
DA:64,21
DA:65,20
DA:67,1
DA:71,0
DA:82,1
DA:84,1
DA:86,0
DA:88,1
DA:94,2
DA:100,0
DA:104,0
DA:108,0
DA:112,0
DA:116,0
DA:121,5
DA:122,5
DA:126,2
DA:131,17
DA:134,3
DA:135,3
DA:138,17
DA:143,17
DA:145,2
DA:146,2
DA:149,17
DA:156,0
DA:157,0
DA:159,0
DA:162,0
DA:166,16
DA:167,16
DA:168,16
DA:174,16
DA:181,1
DA:184,1
DA:188,2
LF:54
LH:41
BRDA:10,0,0,0
BRDA:10,0,1,8
BRDA:52,1,0,2
BRDA:52,1,1,19
BRDA:58,2,0,16
BRDA:58,2,1,5
BRDA:64,3,0,20
BRDA:64,3,1,1
BRF:8
BRH:7
end_of_record
TN:
SF:models/user/UserModel.ts
FNF:0
FNH:0
DA:1,1
DA:20,1
DA:25,1
DA:29,1
DA:41,1
DA:42,1
DA:43,1
DA:45,1
DA:46,1
LF:9
LH:9
BRF:0
BRH:0
end_of_record
TN:
SF:test/dependencies/testModel.ts
FNF:0
FNH:0
DA:1,1
DA:2,1
DA:3,1
LF:3
LH:3
BRF:0
BRH:0
end_of_record
